BEGIN
TRANSFERS
jelena 100 2022-12-02 00:42:57
john 100 2022-12-02 00:42:57
kate 300 2022-12-02 00:42:57
test 0 2022-12-02 00:46:24
USERS
jelena 42scb7b112aa98218c4a9a8d29cd6b51610aabde10f9
john 42scb7b112aada847b51846d4c94f18ae6a934eb7b1d
kate 42scb7b112aadeac98ae1cfda55521005afd026bf8e1
test 42scb7b112aac6990c595173e8c67493339f88df7888
END
BEGIN
TRANSFERS
jelena 100 2022-12-02 00:42:57
john 100 2022-12-02 00:42:57
kate 300 2022-12-02 00:42:57
test 0 2022-12-02 00:46:24
USERS
jelena 42scb7b112aa98218c4a9a8d29cd6b51610aabde10f9
john 42scb7b112aada847b51846d4c94f18ae6a934eb7b1d
kate 42scb7b112aadeac98ae1cfda55521005afd026bf8e1
test 42scb7b112aac6990c595173e8c67493339f88df7888
END
BEGIN
TRANSFERS
jelena 100 2022-12-02 00:42:57
john 100 2022-12-02 00:42:57
kate 300 2022-12-02 00:42:57
test 0 2022-12-02 00:46:24
sep 0 2022-12-02 00:53:32
USERS
jelena 42scb7b112aa98218c4a9a8d29cd6b51610aabde10f9
john 42scb7b112aada847b51846d4c94f18ae6a934eb7b1d
kate 42scb7b112aadeac98ae1cfda55521005afd026bf8e1
sep 42scb7b112aa398aa28f70d42ef6b12754bd363af4e0
test 42scb7b112aac6990c595173e8c67493339f88df7888
END
BEGIN
TRANSFERS
jelena 100 2022-12-02 00:42:57
john 100 2022-12-02 00:42:57
kate 300 2022-12-02 00:42:57
test 0 2022-12-02 00:46:24
sep 0 2022-12-02 00:53:32
USERS
jelena 42scb7b112aa98218c4a9a8d29cd6b51610aabde10f9
john 42scb7b112aada847b51846d4c94f18ae6a934eb7b1d
kate 42scb7b112aadeac98ae1cfda55521005afd026bf8e1
sep 42scb7b112aa398aa28f70d42ef6b12754bd363af4e0
test 42scb7b112aac6990c595173e8c67493339f88df7888
END
BEGIN
TRANSFERS
jelena 100 2022-12-02 00:42:57
john 100 2022-12-02 00:42:57
kate 300 2022-12-02 00:42:57
test 0 2022-12-02 00:46:24
sep 0 2022-12-02 00:53:32
usenix 0 2022-12-02 00:54:35
USERS
jelena 42scb7b112aa98218c4a9a8d29cd6b51610aabde10f9
john 42scb7b112aada847b51846d4c94f18ae6a934eb7b1d
kate 42scb7b112aadeac98ae1cfda55521005afd026bf8e1
sep 42scb7b112aa398aa28f70d42ef6b12754bd363af4e0
test 42scb7b112aac6990c595173e8c67493339f88df7888
usenix 42scb7b112aa03565057546b2ae62abece2c938101ac
END
BEGIN
TRANSFERS
jelena 100 2022-12-02 00:42:57
john 100 2022-12-02 00:42:57
kate 300 2022-12-02 00:42:57
test 0 2022-12-02 00:46:24
sep 0 2022-12-02 00:53:32
usenix 0 2022-12-02 00:54:35
ccs 0 2022-12-02 00:54:52
USERS
ccs 42scb7b112aa68f82dbb0bfbf60c9db37cd53dbfea12
jelena 42scb7b112aa98218c4a9a8d29cd6b51610aabde10f9
john 42scb7b112aada847b51846d4c94f18ae6a934eb7b1d
kate 42scb7b112aadeac98ae1cfda55521005afd026bf8e1
sep 42scb7b112aa398aa28f70d42ef6b12754bd363af4e0
test 42scb7b112aac6990c595173e8c67493339f88df7888
usenix 42scb7b112aa03565057546b2ae62abece2c938101ac
END
BEGIN
TRANSFERS
jelena 100 2022-12-02 00:42:57
john 100 2022-12-02 00:42:57
kate 300 2022-12-02 00:42:57
test 0 2022-12-02 00:46:24
sep 0 2022-12-02 00:53:32
usenix 0 2022-12-02 00:54:35
ccs 0 2022-12-02 00:54:52
canelo 0 2022-12-02 01:03:41
USERS
canelo 42scb7b112aa90c6de41cf18b04995a5777d0acdfc38
ccs 42scb7b112aa68f82dbb0bfbf60c9db37cd53dbfea12
jelena 42scb7b112aa98218c4a9a8d29cd6b51610aabde10f9
john 42scb7b112aada847b51846d4c94f18ae6a934eb7b1d
kate 42scb7b112aadeac98ae1cfda55521005afd026bf8e1
sep 42scb7b112aa398aa28f70d42ef6b12754bd363af4e0
test 42scb7b112aac6990c595173e8c67493339f88df7888
usenix 42scb7b112aa03565057546b2ae62abece2c938101ac
END
BEGIN
TRANSFERS
jelena 100 2022-12-02 00:42:57
john 100 2022-12-02 00:42:57
kate 300 2022-12-02 00:42:57
test 0 2022-12-02 00:46:24
sep 0 2022-12-02 00:53:32
usenix 0 2022-12-02 00:54:35
ccs 0 2022-12-02 00:54:52
canelo 0 2022-12-02 01:03:41
USERS
canelo 42scb7b112aa90c6de41cf18b04995a5777d0acdfc38
ccs 42scb7b112aa68f82dbb0bfbf60c9db37cd53dbfea12
jelena 42scb7b112aa98218c4a9a8d29cd6b51610aabde10f9
john 42scb7b112aada847b51846d4c94f18ae6a934eb7b1d
kate 42scb7b112aadeac98ae1cfda55521005afd026bf8e1
sep 42scb7b112aa398aa28f70d42ef6b12754bd363af4e0
test 42scb7b112aac6990c595173e8c67493339f88df7888
usenix 42scb7b112aa03565057546b2ae62abece2c938101ac
END
BEGIN
TRANSFERS
jelena 100 2022-12-02 00:42:57
john 100 2022-12-02 00:42:57
kate 300 2022-12-02 00:42:57
test 0 2022-12-02 00:46:24
sep 0 2022-12-02 00:53:32
usenix 0 2022-12-02 00:54:35
ccs 0 2022-12-02 00:54:52
canelo 0 2022-12-02 01:03:41
USERS
canelo 42scb7b112aa90c6de41cf18b04995a5777d0acdfc38
ccs 42scb7b112aa68f82dbb0bfbf60c9db37cd53dbfea12
jelena 42scb7b112aa98218c4a9a8d29cd6b51610aabde10f9
john 42scb7b112aada847b51846d4c94f18ae6a934eb7b1d
kate 42scb7b112aadeac98ae1cfda55521005afd026bf8e1
sep 42scb7b112aa398aa28f70d42ef6b12754bd363af4e0
test 42scb7b112aac6990c595173e8c67493339f88df7888
usenix 42scb7b112aa03565057546b2ae62abece2c938101ac
END
BEGIN
TRANSFERS
jelena 100 2022-12-02 00:42:57
john 100 2022-12-02 00:42:57
kate 300 2022-12-02 00:42:57
test 0 2022-12-02 00:46:24
sep 0 2022-12-02 00:53:32
usenix 0 2022-12-02 00:54:35
ccs 0 2022-12-02 00:54:52
canelo 0 2022-12-02 01:03:41
test 10 2022-12-02 01:07:46
USERS
canelo 42scb7b112aa90c6de41cf18b04995a5777d0acdfc38
ccs 42scb7b112aa68f82dbb0bfbf60c9db37cd53dbfea12
jelena 42scb7b112aa98218c4a9a8d29cd6b51610aabde10f9
john 42scb7b112aada847b51846d4c94f18ae6a934eb7b1d
kate 42scb7b112aadeac98ae1cfda55521005afd026bf8e1
sep 42scb7b112aa398aa28f70d42ef6b12754bd363af4e0
test 42scb7b112aac6990c595173e8c67493339f88df7888
usenix 42scb7b112aa03565057546b2ae62abece2c938101ac
END
BEGIN
TRANSFERS
jelena 100 2022-12-02 00:42:57
john 100 2022-12-02 00:42:57
kate 300 2022-12-02 00:42:57
test 0 2022-12-02 00:46:24
sep 0 2022-12-02 00:53:32
usenix 0 2022-12-02 00:54:35
ccs 0 2022-12-02 00:54:52
canelo 0 2022-12-02 01:03:41
test 10 2022-12-02 01:07:46
test -10 2022-12-02 01:08:21
USERS
canelo 42scb7b112aa90c6de41cf18b04995a5777d0acdfc38
ccs 42scb7b112aa68f82dbb0bfbf60c9db37cd53dbfea12
jelena 42scb7b112aa98218c4a9a8d29cd6b51610aabde10f9
john 42scb7b112aada847b51846d4c94f18ae6a934eb7b1d
kate 42scb7b112aadeac98ae1cfda55521005afd026bf8e1
sep 42scb7b112aa398aa28f70d42ef6b12754bd363af4e0
test 42scb7b112aac6990c595173e8c67493339f88df7888
usenix 42scb7b112aa03565057546b2ae62abece2c938101ac
END
BEGIN
TRANSFERS
jelena 100 2022-12-02 00:42:57
john 100 2022-12-02 00:42:57
kate 300 2022-12-02 00:42:57
test 0 2022-12-02 00:46:24
sep 0 2022-12-02 00:53:32
usenix 0 2022-12-02 00:54:35
ccs 0 2022-12-02 00:54:52
canelo 0 2022-12-02 01:03:41
test 10 2022-12-02 01:07:46
test -10 2022-12-02 01:08:21
sep 500 2022-12-02 01:09:55
USERS
canelo 42scb7b112aa90c6de41cf18b04995a5777d0acdfc38
ccs 42scb7b112aa68f82dbb0bfbf60c9db37cd53dbfea12
jelena 42scb7b112aa98218c4a9a8d29cd6b51610aabde10f9
john 42scb7b112aada847b51846d4c94f18ae6a934eb7b1d
kate 42scb7b112aadeac98ae1cfda55521005afd026bf8e1
sep 42scb7b112aa398aa28f70d42ef6b12754bd363af4e0
test 42scb7b112aac6990c595173e8c67493339f88df7888
usenix 42scb7b112aa03565057546b2ae62abece2c938101ac
END
BEGIN
TRANSFERS
jelena 100 2022-12-02 00:42:57
john 100 2022-12-02 00:42:57
kate 300 2022-12-02 00:42:57
test 0 2022-12-02 00:46:24
sep 0 2022-12-02 00:53:32
usenix 0 2022-12-02 00:54:35
ccs 0 2022-12-02 00:54:52
canelo 0 2022-12-02 01:03:41
test 10 2022-12-02 01:07:46
test -10 2022-12-02 01:08:21
sep 500 2022-12-02 01:09:55
usenix 1000 2022-12-02 01:10:09
USERS
canelo 42scb7b112aa90c6de41cf18b04995a5777d0acdfc38
ccs 42scb7b112aa68f82dbb0bfbf60c9db37cd53dbfea12
jelena 42scb7b112aa98218c4a9a8d29cd6b51610aabde10f9
john 42scb7b112aada847b51846d4c94f18ae6a934eb7b1d
kate 42scb7b112aadeac98ae1cfda55521005afd026bf8e1
sep 42scb7b112aa398aa28f70d42ef6b12754bd363af4e0
test 42scb7b112aac6990c595173e8c67493339f88df7888
usenix 42scb7b112aa03565057546b2ae62abece2c938101ac
END
BEGIN
TRANSFERS
jelena 100 2022-12-02 00:42:57
john 100 2022-12-02 00:42:57
kate 300 2022-12-02 00:42:57
test 0 2022-12-02 00:46:24
sep 0 2022-12-02 00:53:32
usenix 0 2022-12-02 00:54:35
ccs 0 2022-12-02 00:54:52
canelo 0 2022-12-02 01:03:41
test 10 2022-12-02 01:07:46
test -10 2022-12-02 01:08:21
sep 500 2022-12-02 01:09:55
usenix 1000 2022-12-02 01:10:09
ccs 200 2022-12-02 01:10:22
USERS
canelo 42scb7b112aa90c6de41cf18b04995a5777d0acdfc38
ccs 42scb7b112aa68f82dbb0bfbf60c9db37cd53dbfea12
jelena 42scb7b112aa98218c4a9a8d29cd6b51610aabde10f9
john 42scb7b112aada847b51846d4c94f18ae6a934eb7b1d
kate 42scb7b112aadeac98ae1cfda55521005afd026bf8e1
sep 42scb7b112aa398aa28f70d42ef6b12754bd363af4e0
test 42scb7b112aac6990c595173e8c67493339f88df7888
usenix 42scb7b112aa03565057546b2ae62abece2c938101ac
END
BEGIN
TRANSFERS
jelena 100 2022-12-02 00:42:57
john 100 2022-12-02 00:42:57
kate 300 2022-12-02 00:42:57
test 0 2022-12-02 00:46:24
sep 0 2022-12-02 00:53:32
usenix 0 2022-12-02 00:54:35
ccs 0 2022-12-02 00:54:52
canelo 0 2022-12-02 01:03:41
test 10 2022-12-02 01:07:46
test -10 2022-12-02 01:08:21
sep 500 2022-12-02 01:09:55
usenix 1000 2022-12-02 01:10:09
ccs 200 2022-12-02 01:10:22
USERS
canelo 42scb7b112aa90c6de41cf18b04995a5777d0acdfc38
ccs 42scb7b112aa68f82dbb0bfbf60c9db37cd53dbfea12
jelena 42scb7b112aa98218c4a9a8d29cd6b51610aabde10f9
john 42scb7b112aada847b51846d4c94f18ae6a934eb7b1d
kate 42scb7b112aadeac98ae1cfda55521005afd026bf8e1
sep 42scb7b112aa398aa28f70d42ef6b12754bd363af4e0
test 42scb7b112aac6990c595173e8c67493339f88df7888
usenix 42scb7b112aa03565057546b2ae62abece2c938101ac
END
BEGIN
TRANSFERS
jelena 100 2022-12-02 00:42:57
john 100 2022-12-02 00:42:57
kate 300 2022-12-02 00:42:57
test 0 2022-12-02 00:46:24
sep 0 2022-12-02 00:53:32
usenix 0 2022-12-02 00:54:35
ccs 0 2022-12-02 00:54:52
canelo 0 2022-12-02 01:03:41
test 10 2022-12-02 01:07:46
test -10 2022-12-02 01:08:21
sep 500 2022-12-02 01:09:55
usenix 1000 2022-12-02 01:10:09
ccs 200 2022-12-02 01:10:22
canelo 813 2022-12-02 01:19:10
USERS
canelo 42scb7b112aa90c6de41cf18b04995a5777d0acdfc38
ccs 42scb7b112aa68f82dbb0bfbf60c9db37cd53dbfea12
jelena 42scb7b112aa98218c4a9a8d29cd6b51610aabde10f9
john 42scb7b112aada847b51846d4c94f18ae6a934eb7b1d
kate 42scb7b112aadeac98ae1cfda55521005afd026bf8e1
sep 42scb7b112aa398aa28f70d42ef6b12754bd363af4e0
test 42scb7b112aac6990c595173e8c67493339f88df7888
usenix 42scb7b112aa03565057546b2ae62abece2c938101ac
END
BEGIN
TRANSFERS
jelena 100 2022-12-02 00:42:57
john 100 2022-12-02 00:42:57
kate 300 2022-12-02 00:42:57
test 0 2022-12-02 00:46:24
sep 0 2022-12-02 00:53:32
usenix 0 2022-12-02 00:54:35
ccs 0 2022-12-02 00:54:52
canelo 0 2022-12-02 01:03:41
test 10 2022-12-02 01:07:46
test -10 2022-12-02 01:08:21
sep 500 2022-12-02 01:09:55
usenix 1000 2022-12-02 01:10:09
ccs 200 2022-12-02 01:10:22
canelo 813 2022-12-02 01:19:10
canelo 1083 2022-12-02 01:19:25
USERS
canelo 42scb7b112aa90c6de41cf18b04995a5777d0acdfc38
ccs 42scb7b112aa68f82dbb0bfbf60c9db37cd53dbfea12
jelena 42scb7b112aa98218c4a9a8d29cd6b51610aabde10f9
john 42scb7b112aada847b51846d4c94f18ae6a934eb7b1d
kate 42scb7b112aadeac98ae1cfda55521005afd026bf8e1
sep 42scb7b112aa398aa28f70d42ef6b12754bd363af4e0
test 42scb7b112aac6990c595173e8c67493339f88df7888
usenix 42scb7b112aa03565057546b2ae62abece2c938101ac
END
BEGIN
TRANSFERS
jelena 100 2022-12-02 00:42:57
john 100 2022-12-02 00:42:57
kate 300 2022-12-02 00:42:57
test 0 2022-12-02 00:46:24
sep 0 2022-12-02 00:53:32
usenix 0 2022-12-02 00:54:35
ccs 0 2022-12-02 00:54:52
canelo 0 2022-12-02 01:03:41
test 10 2022-12-02 01:07:46
test -10 2022-12-02 01:08:21
sep 500 2022-12-02 01:09:55
usenix 1000 2022-12-02 01:10:09
ccs 200 2022-12-02 01:10:22
canelo 813 2022-12-02 01:19:10
canelo 1083 2022-12-02 01:19:25
mayweather 0 2022-12-02 01:19:58
USERS
canelo 42scb7b112aa90c6de41cf18b04995a5777d0acdfc38
ccs 42scb7b112aa68f82dbb0bfbf60c9db37cd53dbfea12
jelena 42scb7b112aa98218c4a9a8d29cd6b51610aabde10f9
john 42scb7b112aada847b51846d4c94f18ae6a934eb7b1d
kate 42scb7b112aadeac98ae1cfda55521005afd026bf8e1
mayweather 42scb7b112aa47573a3132eae364c79d0d61b7b180f1
sep 42scb7b112aa398aa28f70d42ef6b12754bd363af4e0
test 42scb7b112aac6990c595173e8c67493339f88df7888
usenix 42scb7b112aa03565057546b2ae62abece2c938101ac
END
BEGIN
TRANSFERS
jelena 100 2022-12-02 00:42:57
john 100 2022-12-02 00:42:57
kate 300 2022-12-02 00:42:57
test 0 2022-12-02 00:46:24
sep 0 2022-12-02 00:53:32
usenix 0 2022-12-02 00:54:35
ccs 0 2022-12-02 00:54:52
canelo 0 2022-12-02 01:03:41
test 10 2022-12-02 01:07:46
test -10 2022-12-02 01:08:21
sep 500 2022-12-02 01:09:55
usenix 1000 2022-12-02 01:10:09
ccs 200 2022-12-02 01:10:22
canelo 813 2022-12-02 01:19:10
canelo 1083 2022-12-02 01:19:25
mayweather 0 2022-12-02 01:19:58
mayweather 768 2022-12-02 01:20:19
USERS
canelo 42scb7b112aa90c6de41cf18b04995a5777d0acdfc38
ccs 42scb7b112aa68f82dbb0bfbf60c9db37cd53dbfea12
jelena 42scb7b112aa98218c4a9a8d29cd6b51610aabde10f9
john 42scb7b112aada847b51846d4c94f18ae6a934eb7b1d
kate 42scb7b112aadeac98ae1cfda55521005afd026bf8e1
mayweather 42scb7b112aa47573a3132eae364c79d0d61b7b180f1
sep 42scb7b112aa398aa28f70d42ef6b12754bd363af4e0
test 42scb7b112aac6990c595173e8c67493339f88df7888
usenix 42scb7b112aa03565057546b2ae62abece2c938101ac
END
BEGIN
TRANSFERS
jelena 100 2022-12-02 00:42:57
john 100 2022-12-02 00:42:57
kate 300 2022-12-02 00:42:57
test 0 2022-12-02 00:46:24
sep 0 2022-12-02 00:53:32
usenix 0 2022-12-02 00:54:35
ccs 0 2022-12-02 00:54:52
canelo 0 2022-12-02 01:03:41
test 10 2022-12-02 01:07:46
test -10 2022-12-02 01:08:21
sep 500 2022-12-02 01:09:55
usenix 1000 2022-12-02 01:10:09
ccs 200 2022-12-02 01:10:22
canelo 813 2022-12-02 01:19:10
canelo 1083 2022-12-02 01:19:25
mayweather 0 2022-12-02 01:19:58
mayweather 768 2022-12-02 01:20:19
test2 0 2022-12-02 01:25:21
USERS
canelo 42scb7b112aa90c6de41cf18b04995a5777d0acdfc38
ccs 42scb7b112aa68f82dbb0bfbf60c9db37cd53dbfea12
jelena 42scb7b112aa98218c4a9a8d29cd6b51610aabde10f9
john 42scb7b112aada847b51846d4c94f18ae6a934eb7b1d
kate 42scb7b112aadeac98ae1cfda55521005afd026bf8e1
mayweather 42scb7b112aa47573a3132eae364c79d0d61b7b180f1
sep 42scb7b112aa398aa28f70d42ef6b12754bd363af4e0
test 42scb7b112aac6990c595173e8c67493339f88df7888
test2 42scb7b112aa3bf66d7df6ad8fbf1a1430e19c870872
usenix 42scb7b112aa03565057546b2ae62abece2c938101ac
END
BEGIN
TRANSFERS
jelena 100 2022-12-02 00:42:57
john 100 2022-12-02 00:42:57
kate 300 2022-12-02 00:42:57
test 0 2022-12-02 00:46:24
sep 0 2022-12-02 00:53:32
usenix 0 2022-12-02 00:54:35
ccs 0 2022-12-02 00:54:52
canelo 0 2022-12-02 01:03:41
test 10 2022-12-02 01:07:46
test -10 2022-12-02 01:08:21
sep 500 2022-12-02 01:09:55
usenix 1000 2022-12-02 01:10:09
ccs 200 2022-12-02 01:10:22
canelo 813 2022-12-02 01:19:10
canelo 1083 2022-12-02 01:19:25
mayweather 0 2022-12-02 01:19:58
mayweather 768 2022-12-02 01:20:19
test2 0 2022-12-02 01:25:21
USERS
canelo 42scb7b112aa90c6de41cf18b04995a5777d0acdfc38
ccs 42scb7b112aa68f82dbb0bfbf60c9db37cd53dbfea12
jelena 42scb7b112aa98218c4a9a8d29cd6b51610aabde10f9
john 42scb7b112aada847b51846d4c94f18ae6a934eb7b1d
kate 42scb7b112aadeac98ae1cfda55521005afd026bf8e1
mayweather 42scb7b112aa47573a3132eae364c79d0d61b7b180f1
sep 42scb7b112aa398aa28f70d42ef6b12754bd363af4e0
test 42scb7b112aac6990c595173e8c67493339f88df7888
test2 42scb7b112aa3bf66d7df6ad8fbf1a1430e19c870872
usenix 42scb7b112aa03565057546b2ae62abece2c938101ac
END
BEGIN
TRANSFERS
jelena 100 2022-12-02 00:42:57
john 100 2022-12-02 00:42:57
kate 300 2022-12-02 00:42:57
test 0 2022-12-02 00:46:24
sep 0 2022-12-02 00:53:32
usenix 0 2022-12-02 00:54:35
ccs 0 2022-12-02 00:54:52
canelo 0 2022-12-02 01:03:41
test 10 2022-12-02 01:07:46
test -10 2022-12-02 01:08:21
sep 500 2022-12-02 01:09:55
usenix 1000 2022-12-02 01:10:09
ccs 200 2022-12-02 01:10:22
canelo 813 2022-12-02 01:19:10
canelo 1083 2022-12-02 01:19:25
mayweather 0 2022-12-02 01:19:58
mayweather 768 2022-12-02 01:20:19
test2 0 2022-12-02 01:25:21
canelo -970 2022-12-02 01:30:10
USERS
canelo 42scb7b112aa90c6de41cf18b04995a5777d0acdfc38
ccs 42scb7b112aa68f82dbb0bfbf60c9db37cd53dbfea12
jelena 42scb7b112aa98218c4a9a8d29cd6b51610aabde10f9
john 42scb7b112aada847b51846d4c94f18ae6a934eb7b1d
kate 42scb7b112aadeac98ae1cfda55521005afd026bf8e1
mayweather 42scb7b112aa47573a3132eae364c79d0d61b7b180f1
sep 42scb7b112aa398aa28f70d42ef6b12754bd363af4e0
test 42scb7b112aac6990c595173e8c67493339f88df7888
test2 42scb7b112aa3bf66d7df6ad8fbf1a1430e19c870872
usenix 42scb7b112aa03565057546b2ae62abece2c938101ac
END
BEGIN
TRANSFERS
jelena 100 2022-12-02 00:42:57
john 100 2022-12-02 00:42:57
kate 300 2022-12-02 00:42:57
test 0 2022-12-02 00:46:24
sep 0 2022-12-02 00:53:32
usenix 0 2022-12-02 00:54:35
ccs 0 2022-12-02 00:54:52
canelo 0 2022-12-02 01:03:41
test 10 2022-12-02 01:07:46
test -10 2022-12-02 01:08:21
sep 500 2022-12-02 01:09:55
usenix 1000 2022-12-02 01:10:09
ccs 200 2022-12-02 01:10:22
canelo 813 2022-12-02 01:19:10
canelo 1083 2022-12-02 01:19:25
mayweather 0 2022-12-02 01:19:58
mayweather 768 2022-12-02 01:20:19
test2 0 2022-12-02 01:25:21
canelo -970 2022-12-02 01:30:10
pacquiao 0 2022-12-02 01:30:43
USERS
canelo 42scb7b112aa90c6de41cf18b04995a5777d0acdfc38
ccs 42scb7b112aa68f82dbb0bfbf60c9db37cd53dbfea12
jelena 42scb7b112aa98218c4a9a8d29cd6b51610aabde10f9
john 42scb7b112aada847b51846d4c94f18ae6a934eb7b1d
kate 42scb7b112aadeac98ae1cfda55521005afd026bf8e1
mayweather 42scb7b112aa47573a3132eae364c79d0d61b7b180f1
pacquiao 42scb7b112aa5f6dbb19cad4e1732e0c2081064f2088
sep 42scb7b112aa398aa28f70d42ef6b12754bd363af4e0
test 42scb7b112aac6990c595173e8c67493339f88df7888
test2 42scb7b112aa3bf66d7df6ad8fbf1a1430e19c870872
usenix 42scb7b112aa03565057546b2ae62abece2c938101ac
END
BEGIN
TRANSFERS
jelena 100 2022-12-02 00:42:57
john 100 2022-12-02 00:42:57
kate 300 2022-12-02 00:42:57
test 0 2022-12-02 00:46:24
sep 0 2022-12-02 00:53:32
usenix 0 2022-12-02 00:54:35
ccs 0 2022-12-02 00:54:52
canelo 0 2022-12-02 01:03:41
test 10 2022-12-02 01:07:46
test -10 2022-12-02 01:08:21
sep 500 2022-12-02 01:09:55
usenix 1000 2022-12-02 01:10:09
ccs 200 2022-12-02 01:10:22
canelo 813 2022-12-02 01:19:10
canelo 1083 2022-12-02 01:19:25
mayweather 0 2022-12-02 01:19:58
mayweather 768 2022-12-02 01:20:19
test2 0 2022-12-02 01:25:21
canelo -970 2022-12-02 01:30:10
pacquiao 0 2022-12-02 01:30:43
pacquiao 1924 2022-12-02 01:30:58
USERS
canelo 42scb7b112aa90c6de41cf18b04995a5777d0acdfc38
ccs 42scb7b112aa68f82dbb0bfbf60c9db37cd53dbfea12
jelena 42scb7b112aa98218c4a9a8d29cd6b51610aabde10f9
john 42scb7b112aada847b51846d4c94f18ae6a934eb7b1d
kate 42scb7b112aadeac98ae1cfda55521005afd026bf8e1
mayweather 42scb7b112aa47573a3132eae364c79d0d61b7b180f1
pacquiao 42scb7b112aa5f6dbb19cad4e1732e0c2081064f2088
sep 42scb7b112aa398aa28f70d42ef6b12754bd363af4e0
test 42scb7b112aac6990c595173e8c67493339f88df7888
test2 42scb7b112aa3bf66d7df6ad8fbf1a1430e19c870872
usenix 42scb7b112aa03565057546b2ae62abece2c938101ac
END
BEGIN
TRANSFERS
jelena 100 2022-12-02 00:42:57
john 100 2022-12-02 00:42:57
kate 300 2022-12-02 00:42:57
test 0 2022-12-02 00:46:24
sep 0 2022-12-02 00:53:32
usenix 0 2022-12-02 00:54:35
ccs 0 2022-12-02 00:54:52
canelo 0 2022-12-02 01:03:41
test 10 2022-12-02 01:07:46
test -10 2022-12-02 01:08:21
sep 500 2022-12-02 01:09:55
usenix 1000 2022-12-02 01:10:09
ccs 200 2022-12-02 01:10:22
canelo 813 2022-12-02 01:19:10
canelo 1083 2022-12-02 01:19:25
mayweather 0 2022-12-02 01:19:58
mayweather 768 2022-12-02 01:20:19
test2 0 2022-12-02 01:25:21
canelo -970 2022-12-02 01:30:10
pacquiao 0 2022-12-02 01:30:43
pacquiao 1924 2022-12-02 01:30:58
pacquiao 1878 2022-12-02 01:31:13
USERS
canelo 42scb7b112aa90c6de41cf18b04995a5777d0acdfc38
ccs 42scb7b112aa68f82dbb0bfbf60c9db37cd53dbfea12
jelena 42scb7b112aa98218c4a9a8d29cd6b51610aabde10f9
john 42scb7b112aada847b51846d4c94f18ae6a934eb7b1d
kate 42scb7b112aadeac98ae1cfda55521005afd026bf8e1
mayweather 42scb7b112aa47573a3132eae364c79d0d61b7b180f1
pacquiao 42scb7b112aa5f6dbb19cad4e1732e0c2081064f2088
sep 42scb7b112aa398aa28f70d42ef6b12754bd363af4e0
test 42scb7b112aac6990c595173e8c67493339f88df7888
test2 42scb7b112aa3bf66d7df6ad8fbf1a1430e19c870872
usenix 42scb7b112aa03565057546b2ae62abece2c938101ac
END
BEGIN
TRANSFERS
jelena 100 2022-12-02 00:42:57
john 100 2022-12-02 00:42:57
kate 300 2022-12-02 00:42:57
test 0 2022-12-02 00:46:24
sep 0 2022-12-02 00:53:32
usenix 0 2022-12-02 00:54:35
ccs 0 2022-12-02 00:54:52
canelo 0 2022-12-02 01:03:41
test 10 2022-12-02 01:07:46
test -10 2022-12-02 01:08:21
sep 500 2022-12-02 01:09:55
usenix 1000 2022-12-02 01:10:09
ccs 200 2022-12-02 01:10:22
canelo 813 2022-12-02 01:19:10
canelo 1083 2022-12-02 01:19:25
mayweather 0 2022-12-02 01:19:58
mayweather 768 2022-12-02 01:20:19
test2 0 2022-12-02 01:25:21
canelo -970 2022-12-02 01:30:10
pacquiao 0 2022-12-02 01:30:43
pacquiao 1924 2022-12-02 01:30:58
pacquiao 1878 2022-12-02 01:31:13
robato 0 2022-12-02 01:40:33
USERS
canelo 42scb7b112aa90c6de41cf18b04995a5777d0acdfc38
ccs 42scb7b112aa68f82dbb0bfbf60c9db37cd53dbfea12
jelena 42scb7b112aa98218c4a9a8d29cd6b51610aabde10f9
john 42scb7b112aada847b51846d4c94f18ae6a934eb7b1d
kate 42scb7b112aadeac98ae1cfda55521005afd026bf8e1
mayweather 42scb7b112aa47573a3132eae364c79d0d61b7b180f1
pacquiao 42scb7b112aa5f6dbb19cad4e1732e0c2081064f2088
robato 42scb7b112aad6b8e4ba13d63f8e9dde0b291a58597c
sep 42scb7b112aa398aa28f70d42ef6b12754bd363af4e0
test 42scb7b112aac6990c595173e8c67493339f88df7888
test2 42scb7b112aa3bf66d7df6ad8fbf1a1430e19c870872
usenix 42scb7b112aa03565057546b2ae62abece2c938101ac
END
BEGIN
TRANSFERS
jelena 100 2022-12-02 00:42:57
john 100 2022-12-02 00:42:57
kate 300 2022-12-02 00:42:57
test 0 2022-12-02 00:46:24
sep 0 2022-12-02 00:53:32
usenix 0 2022-12-02 00:54:35
ccs 0 2022-12-02 00:54:52
canelo 0 2022-12-02 01:03:41
test 10 2022-12-02 01:07:46
test -10 2022-12-02 01:08:21
sep 500 2022-12-02 01:09:55
usenix 1000 2022-12-02 01:10:09
ccs 200 2022-12-02 01:10:22
canelo 813 2022-12-02 01:19:10
canelo 1083 2022-12-02 01:19:25
mayweather 0 2022-12-02 01:19:58
mayweather 768 2022-12-02 01:20:19
test2 0 2022-12-02 01:25:21
canelo -970 2022-12-02 01:30:10
pacquiao 0 2022-12-02 01:30:43
pacquiao 1924 2022-12-02 01:30:58
pacquiao 1878 2022-12-02 01:31:13
robato 0 2022-12-02 01:40:33
pacquiao 964 2022-12-02 01:41:16
USERS
canelo 42scb7b112aa90c6de41cf18b04995a5777d0acdfc38
ccs 42scb7b112aa68f82dbb0bfbf60c9db37cd53dbfea12
jelena 42scb7b112aa98218c4a9a8d29cd6b51610aabde10f9
john 42scb7b112aada847b51846d4c94f18ae6a934eb7b1d
kate 42scb7b112aadeac98ae1cfda55521005afd026bf8e1
mayweather 42scb7b112aa47573a3132eae364c79d0d61b7b180f1
pacquiao 42scb7b112aa5f6dbb19cad4e1732e0c2081064f2088
robato 42scb7b112aad6b8e4ba13d63f8e9dde0b291a58597c
sep 42scb7b112aa398aa28f70d42ef6b12754bd363af4e0
test 42scb7b112aac6990c595173e8c67493339f88df7888
test2 42scb7b112aa3bf66d7df6ad8fbf1a1430e19c870872
usenix 42scb7b112aa03565057546b2ae62abece2c938101ac
END
BEGIN
TRANSFERS
jelena 100 2022-12-02 00:42:57
john 100 2022-12-02 00:42:57
kate 300 2022-12-02 00:42:57
test 0 2022-12-02 00:46:24
sep 0 2022-12-02 00:53:32
usenix 0 2022-12-02 00:54:35
ccs 0 2022-12-02 00:54:52
canelo 0 2022-12-02 01:03:41
test 10 2022-12-02 01:07:46
test -10 2022-12-02 01:08:21
sep 500 2022-12-02 01:09:55
usenix 1000 2022-12-02 01:10:09
ccs 200 2022-12-02 01:10:22
canelo 813 2022-12-02 01:19:10
canelo 1083 2022-12-02 01:19:25
mayweather 0 2022-12-02 01:19:58
mayweather 768 2022-12-02 01:20:19
test2 0 2022-12-02 01:25:21
canelo -970 2022-12-02 01:30:10
pacquiao 0 2022-12-02 01:30:43
pacquiao 1924 2022-12-02 01:30:58
pacquiao 1878 2022-12-02 01:31:13
robato 0 2022-12-02 01:40:33
pacquiao 964 2022-12-02 01:41:16
canelo 1390 2022-12-02 01:41:37
USERS
canelo 42scb7b112aa90c6de41cf18b04995a5777d0acdfc38
ccs 42scb7b112aa68f82dbb0bfbf60c9db37cd53dbfea12
jelena 42scb7b112aa98218c4a9a8d29cd6b51610aabde10f9
john 42scb7b112aada847b51846d4c94f18ae6a934eb7b1d
kate 42scb7b112aadeac98ae1cfda55521005afd026bf8e1
mayweather 42scb7b112aa47573a3132eae364c79d0d61b7b180f1
pacquiao 42scb7b112aa5f6dbb19cad4e1732e0c2081064f2088
robato 42scb7b112aad6b8e4ba13d63f8e9dde0b291a58597c
sep 42scb7b112aa398aa28f70d42ef6b12754bd363af4e0
test 42scb7b112aac6990c595173e8c67493339f88df7888
test2 42scb7b112aa3bf66d7df6ad8fbf1a1430e19c870872
usenix 42scb7b112aa03565057546b2ae62abece2c938101ac
END
BEGIN
TRANSFERS
jelena 100 2022-12-02 00:42:57
john 100 2022-12-02 00:42:57
kate 300 2022-12-02 00:42:57
test 0 2022-12-02 00:46:24
sep 0 2022-12-02 00:53:32
usenix 0 2022-12-02 00:54:35
ccs 0 2022-12-02 00:54:52
canelo 0 2022-12-02 01:03:41
test 10 2022-12-02 01:07:46
test -10 2022-12-02 01:08:21
sep 500 2022-12-02 01:09:55
usenix 1000 2022-12-02 01:10:09
ccs 200 2022-12-02 01:10:22
canelo 813 2022-12-02 01:19:10
canelo 1083 2022-12-02 01:19:25
mayweather 0 2022-12-02 01:19:58
mayweather 768 2022-12-02 01:20:19
test2 0 2022-12-02 01:25:21
canelo -970 2022-12-02 01:30:10
pacquiao 0 2022-12-02 01:30:43
pacquiao 1924 2022-12-02 01:30:58
pacquiao 1878 2022-12-02 01:31:13
robato 0 2022-12-02 01:40:33
pacquiao 964 2022-12-02 01:41:16
canelo 1390 2022-12-02 01:41:37
mosley 0 2022-12-02 01:42:04
USERS
canelo 42scb7b112aa90c6de41cf18b04995a5777d0acdfc38
ccs 42scb7b112aa68f82dbb0bfbf60c9db37cd53dbfea12
jelena 42scb7b112aa98218c4a9a8d29cd6b51610aabde10f9
john 42scb7b112aada847b51846d4c94f18ae6a934eb7b1d
kate 42scb7b112aadeac98ae1cfda55521005afd026bf8e1
mayweather 42scb7b112aa47573a3132eae364c79d0d61b7b180f1
mosley 42scb7b112aa141b2099ff40e156b4195ce627cf9f44
pacquiao 42scb7b112aa5f6dbb19cad4e1732e0c2081064f2088
robato 42scb7b112aad6b8e4ba13d63f8e9dde0b291a58597c
sep 42scb7b112aa398aa28f70d42ef6b12754bd363af4e0
test 42scb7b112aac6990c595173e8c67493339f88df7888
test2 42scb7b112aa3bf66d7df6ad8fbf1a1430e19c870872
usenix 42scb7b112aa03565057546b2ae62abece2c938101ac
END
BEGIN
TRANSFERS
jelena 100 2022-12-02 00:42:57
john 100 2022-12-02 00:42:57
kate 300 2022-12-02 00:42:57
test 0 2022-12-02 00:46:24
sep 0 2022-12-02 00:53:32
usenix 0 2022-12-02 00:54:35
ccs 0 2022-12-02 00:54:52
canelo 0 2022-12-02 01:03:41
test 10 2022-12-02 01:07:46
test -10 2022-12-02 01:08:21
sep 500 2022-12-02 01:09:55
usenix 1000 2022-12-02 01:10:09
ccs 200 2022-12-02 01:10:22
canelo 813 2022-12-02 01:19:10
canelo 1083 2022-12-02 01:19:25
mayweather 0 2022-12-02 01:19:58
mayweather 768 2022-12-02 01:20:19
test2 0 2022-12-02 01:25:21
canelo -970 2022-12-02 01:30:10
pacquiao 0 2022-12-02 01:30:43
pacquiao 1924 2022-12-02 01:30:58
pacquiao 1878 2022-12-02 01:31:13
robato 0 2022-12-02 01:40:33
pacquiao 964 2022-12-02 01:41:16
canelo 1390 2022-12-02 01:41:37
mosley 0 2022-12-02 01:42:04
mosley 1000 2022-12-02 01:42:22
USERS
canelo 42scb7b112aa90c6de41cf18b04995a5777d0acdfc38
ccs 42scb7b112aa68f82dbb0bfbf60c9db37cd53dbfea12
jelena 42scb7b112aa98218c4a9a8d29cd6b51610aabde10f9
john 42scb7b112aada847b51846d4c94f18ae6a934eb7b1d
kate 42scb7b112aadeac98ae1cfda55521005afd026bf8e1
mayweather 42scb7b112aa47573a3132eae364c79d0d61b7b180f1
mosley 42scb7b112aa141b2099ff40e156b4195ce627cf9f44
pacquiao 42scb7b112aa5f6dbb19cad4e1732e0c2081064f2088
robato 42scb7b112aad6b8e4ba13d63f8e9dde0b291a58597c
sep 42scb7b112aa398aa28f70d42ef6b12754bd363af4e0
test 42scb7b112aac6990c595173e8c67493339f88df7888
test2 42scb7b112aa3bf66d7df6ad8fbf1a1430e19c870872
usenix 42scb7b112aa03565057546b2ae62abece2c938101ac
END
BEGIN
TRANSFERS
jelena 100 2022-12-02 00:42:57
john 100 2022-12-02 00:42:57
kate 300 2022-12-02 00:42:57
test 0 2022-12-02 00:46:24
sep 0 2022-12-02 00:53:32
usenix 0 2022-12-02 00:54:35
ccs 0 2022-12-02 00:54:52
canelo 0 2022-12-02 01:03:41
test 10 2022-12-02 01:07:46
test -10 2022-12-02 01:08:21
sep 500 2022-12-02 01:09:55
usenix 1000 2022-12-02 01:10:09
ccs 200 2022-12-02 01:10:22
canelo 813 2022-12-02 01:19:10
canelo 1083 2022-12-02 01:19:25
mayweather 0 2022-12-02 01:19:58
mayweather 768 2022-12-02 01:20:19
test2 0 2022-12-02 01:25:21
canelo -970 2022-12-02 01:30:10
pacquiao 0 2022-12-02 01:30:43
pacquiao 1924 2022-12-02 01:30:58
pacquiao 1878 2022-12-02 01:31:13
robato 0 2022-12-02 01:40:33
pacquiao 964 2022-12-02 01:41:16
canelo 1390 2022-12-02 01:41:37
mosley 0 2022-12-02 01:42:04
mosley 1000 2022-12-02 01:42:22
mosley -898 2022-12-02 01:42:40
USERS
canelo 42scb7b112aa90c6de41cf18b04995a5777d0acdfc38
ccs 42scb7b112aa68f82dbb0bfbf60c9db37cd53dbfea12
jelena 42scb7b112aa98218c4a9a8d29cd6b51610aabde10f9
john 42scb7b112aada847b51846d4c94f18ae6a934eb7b1d
kate 42scb7b112aadeac98ae1cfda55521005afd026bf8e1
mayweather 42scb7b112aa47573a3132eae364c79d0d61b7b180f1
mosley 42scb7b112aa141b2099ff40e156b4195ce627cf9f44
pacquiao 42scb7b112aa5f6dbb19cad4e1732e0c2081064f2088
robato 42scb7b112aad6b8e4ba13d63f8e9dde0b291a58597c
sep 42scb7b112aa398aa28f70d42ef6b12754bd363af4e0
test 42scb7b112aac6990c595173e8c67493339f88df7888
test2 42scb7b112aa3bf66d7df6ad8fbf1a1430e19c870872
usenix 42scb7b112aa03565057546b2ae62abece2c938101ac
END
BEGIN
TRANSFERS
jelena 100 2022-12-02 00:42:57
john 100 2022-12-02 00:42:57
kate 300 2022-12-02 00:42:57
test 0 2022-12-02 00:46:24
sep 0 2022-12-02 00:53:32
usenix 0 2022-12-02 00:54:35
ccs 0 2022-12-02 00:54:52
canelo 0 2022-12-02 01:03:41
test 10 2022-12-02 01:07:46
test -10 2022-12-02 01:08:21
sep 500 2022-12-02 01:09:55
usenix 1000 2022-12-02 01:10:09
ccs 200 2022-12-02 01:10:22
canelo 813 2022-12-02 01:19:10
canelo 1083 2022-12-02 01:19:25
mayweather 0 2022-12-02 01:19:58
mayweather 768 2022-12-02 01:20:19
test2 0 2022-12-02 01:25:21
canelo -970 2022-12-02 01:30:10
pacquiao 0 2022-12-02 01:30:43
pacquiao 1924 2022-12-02 01:30:58
pacquiao 1878 2022-12-02 01:31:13
robato 0 2022-12-02 01:40:33
pacquiao 964 2022-12-02 01:41:16
canelo 1390 2022-12-02 01:41:37
mosley 0 2022-12-02 01:42:04
mosley 1000 2022-12-02 01:42:22
mosley -898 2022-12-02 01:42:40
testtest 0 2022-12-02 01:44:25
test6 0 2022-12-02 01:47:52
USERS
canelo 42scb7b112aa90c6de41cf18b04995a5777d0acdfc38
ccs 42scb7b112aa68f82dbb0bfbf60c9db37cd53dbfea12
jelena 42scb7b112aa98218c4a9a8d29cd6b51610aabde10f9
john 42scb7b112aada847b51846d4c94f18ae6a934eb7b1d
kate 42scb7b112aadeac98ae1cfda55521005afd026bf8e1
mayweather 42scb7b112aa47573a3132eae364c79d0d61b7b180f1
mosley 42scb7b112aa141b2099ff40e156b4195ce627cf9f44
pacquiao 42scb7b112aa5f6dbb19cad4e1732e0c2081064f2088
robato 42scb7b112aad6b8e4ba13d63f8e9dde0b291a58597c
sep 42scb7b112aa398aa28f70d42ef6b12754bd363af4e0
test 42scb7b112aac6990c595173e8c67493339f88df7888
test2 42scb7b112aa3bf66d7df6ad8fbf1a1430e19c870872
test6 42scb7b112aa673de87987e6bfbfaaa35f592245cf71
testtest 42scb7b112aa8d66e5b634f9a07ad1b22edf52f07ea8
usenix 42scb7b112aa03565057546b2ae62abece2c938101ac
END
BEGIN
TRANSFERS
jelena 100 2022-12-02 00:42:57
john 100 2022-12-02 00:42:57
kate 300 2022-12-02 00:42:57
test 0 2022-12-02 00:46:24
sep 0 2022-12-02 00:53:32
usenix 0 2022-12-02 00:54:35
ccs 0 2022-12-02 00:54:52
canelo 0 2022-12-02 01:03:41
test 10 2022-12-02 01:07:46
test -10 2022-12-02 01:08:21
sep 500 2022-12-02 01:09:55
usenix 1000 2022-12-02 01:10:09
ccs 200 2022-12-02 01:10:22
canelo 813 2022-12-02 01:19:10
canelo 1083 2022-12-02 01:19:25
mayweather 0 2022-12-02 01:19:58
mayweather 768 2022-12-02 01:20:19
test2 0 2022-12-02 01:25:21
canelo -970 2022-12-02 01:30:10
pacquiao 0 2022-12-02 01:30:43
pacquiao 1924 2022-12-02 01:30:58
pacquiao 1878 2022-12-02 01:31:13
robato 0 2022-12-02 01:40:33
pacquiao 964 2022-12-02 01:41:16
canelo 1390 2022-12-02 01:41:37
mosley 0 2022-12-02 01:42:04
mosley 1000 2022-12-02 01:42:22
mosley -898 2022-12-02 01:42:40
testtest 0 2022-12-02 01:44:25
test6 0 2022-12-02 01:47:52
canelo 43 2022-12-02 01:56:44
USERS
canelo 42scb7b112aa90c6de41cf18b04995a5777d0acdfc38
ccs 42scb7b112aa68f82dbb0bfbf60c9db37cd53dbfea12
jelena 42scb7b112aa98218c4a9a8d29cd6b51610aabde10f9
john 42scb7b112aada847b51846d4c94f18ae6a934eb7b1d
kate 42scb7b112aadeac98ae1cfda55521005afd026bf8e1
mayweather 42scb7b112aa47573a3132eae364c79d0d61b7b180f1
mosley 42scb7b112aa141b2099ff40e156b4195ce627cf9f44
pacquiao 42scb7b112aa5f6dbb19cad4e1732e0c2081064f2088
robato 42scb7b112aad6b8e4ba13d63f8e9dde0b291a58597c
sep 42scb7b112aa398aa28f70d42ef6b12754bd363af4e0
test 42scb7b112aac6990c595173e8c67493339f88df7888
test2 42scb7b112aa3bf66d7df6ad8fbf1a1430e19c870872
test6 42scb7b112aa673de87987e6bfbfaaa35f592245cf71
testtest 42scb7b112aa8d66e5b634f9a07ad1b22edf52f07ea8
usenix 42scb7b112aa03565057546b2ae62abece2c938101ac
END
BEGIN
TRANSFERS
jelena 100 2022-12-02 00:42:57
john 100 2022-12-02 00:42:57
kate 300 2022-12-02 00:42:57
test 0 2022-12-02 00:46:24
sep 0 2022-12-02 00:53:32
usenix 0 2022-12-02 00:54:35
ccs 0 2022-12-02 00:54:52
canelo 0 2022-12-02 01:03:41
test 10 2022-12-02 01:07:46
test -10 2022-12-02 01:08:21
sep 500 2022-12-02 01:09:55
usenix 1000 2022-12-02 01:10:09
ccs 200 2022-12-02 01:10:22
canelo 813 2022-12-02 01:19:10
canelo 1083 2022-12-02 01:19:25
mayweather 0 2022-12-02 01:19:58
mayweather 768 2022-12-02 01:20:19
test2 0 2022-12-02 01:25:21
canelo -970 2022-12-02 01:30:10
pacquiao 0 2022-12-02 01:30:43
pacquiao 1924 2022-12-02 01:30:58
pacquiao 1878 2022-12-02 01:31:13
robato 0 2022-12-02 01:40:33
pacquiao 964 2022-12-02 01:41:16
canelo 1390 2022-12-02 01:41:37
mosley 0 2022-12-02 01:42:04
mosley 1000 2022-12-02 01:42:22
mosley -898 2022-12-02 01:42:40
testtest 0 2022-12-02 01:44:25
test6 0 2022-12-02 01:47:52
canelo 43 2022-12-02 01:56:44
pacquiao 53 2022-12-02 01:56:58
USERS
canelo 42scb7b112aa90c6de41cf18b04995a5777d0acdfc38
ccs 42scb7b112aa68f82dbb0bfbf60c9db37cd53dbfea12
jelena 42scb7b112aa98218c4a9a8d29cd6b51610aabde10f9
john 42scb7b112aada847b51846d4c94f18ae6a934eb7b1d
kate 42scb7b112aadeac98ae1cfda55521005afd026bf8e1
mayweather 42scb7b112aa47573a3132eae364c79d0d61b7b180f1
mosley 42scb7b112aa141b2099ff40e156b4195ce627cf9f44
pacquiao 42scb7b112aa5f6dbb19cad4e1732e0c2081064f2088
robato 42scb7b112aad6b8e4ba13d63f8e9dde0b291a58597c
sep 42scb7b112aa398aa28f70d42ef6b12754bd363af4e0
test 42scb7b112aac6990c595173e8c67493339f88df7888
test2 42scb7b112aa3bf66d7df6ad8fbf1a1430e19c870872
test6 42scb7b112aa673de87987e6bfbfaaa35f592245cf71
testtest 42scb7b112aa8d66e5b634f9a07ad1b22edf52f07ea8
usenix 42scb7b112aa03565057546b2ae62abece2c938101ac
END
BEGIN
TRANSFERS
jelena 100 2022-12-02 00:42:57
john 100 2022-12-02 00:42:57
kate 300 2022-12-02 00:42:57
test 0 2022-12-02 00:46:24
sep 0 2022-12-02 00:53:32
usenix 0 2022-12-02 00:54:35
ccs 0 2022-12-02 00:54:52
canelo 0 2022-12-02 01:03:41
test 10 2022-12-02 01:07:46
test -10 2022-12-02 01:08:21
sep 500 2022-12-02 01:09:55
usenix 1000 2022-12-02 01:10:09
ccs 200 2022-12-02 01:10:22
canelo 813 2022-12-02 01:19:10
canelo 1083 2022-12-02 01:19:25
mayweather 0 2022-12-02 01:19:58
mayweather 768 2022-12-02 01:20:19
test2 0 2022-12-02 01:25:21
canelo -970 2022-12-02 01:30:10
pacquiao 0 2022-12-02 01:30:43
pacquiao 1924 2022-12-02 01:30:58
pacquiao 1878 2022-12-02 01:31:13
robato 0 2022-12-02 01:40:33
pacquiao 964 2022-12-02 01:41:16
canelo 1390 2022-12-02 01:41:37
mosley 0 2022-12-02 01:42:04
mosley 1000 2022-12-02 01:42:22
mosley -898 2022-12-02 01:42:40
testtest 0 2022-12-02 01:44:25
test6 0 2022-12-02 01:47:52
canelo 43 2022-12-02 01:56:44
pacquiao 53 2022-12-02 01:56:58
pacquiao 228 2022-12-02 01:57:12
USERS
canelo 42scb7b112aa90c6de41cf18b04995a5777d0acdfc38
ccs 42scb7b112aa68f82dbb0bfbf60c9db37cd53dbfea12
jelena 42scb7b112aa98218c4a9a8d29cd6b51610aabde10f9
john 42scb7b112aada847b51846d4c94f18ae6a934eb7b1d
kate 42scb7b112aadeac98ae1cfda55521005afd026bf8e1
mayweather 42scb7b112aa47573a3132eae364c79d0d61b7b180f1
mosley 42scb7b112aa141b2099ff40e156b4195ce627cf9f44
pacquiao 42scb7b112aa5f6dbb19cad4e1732e0c2081064f2088
robato 42scb7b112aad6b8e4ba13d63f8e9dde0b291a58597c
sep 42scb7b112aa398aa28f70d42ef6b12754bd363af4e0
test 42scb7b112aac6990c595173e8c67493339f88df7888
test2 42scb7b112aa3bf66d7df6ad8fbf1a1430e19c870872
test6 42scb7b112aa673de87987e6bfbfaaa35f592245cf71
testtest 42scb7b112aa8d66e5b634f9a07ad1b22edf52f07ea8
usenix 42scb7b112aa03565057546b2ae62abece2c938101ac
END
BEGIN
TRANSFERS
jelena 100 2022-12-02 00:42:57
john 100 2022-12-02 00:42:57
kate 300 2022-12-02 00:42:57
test 0 2022-12-02 00:46:24
sep 0 2022-12-02 00:53:32
usenix 0 2022-12-02 00:54:35
ccs 0 2022-12-02 00:54:52
canelo 0 2022-12-02 01:03:41
test 10 2022-12-02 01:07:46
test -10 2022-12-02 01:08:21
sep 500 2022-12-02 01:09:55
usenix 1000 2022-12-02 01:10:09
ccs 200 2022-12-02 01:10:22
canelo 813 2022-12-02 01:19:10
canelo 1083 2022-12-02 01:19:25
mayweather 0 2022-12-02 01:19:58
mayweather 768 2022-12-02 01:20:19
test2 0 2022-12-02 01:25:21
canelo -970 2022-12-02 01:30:10
pacquiao 0 2022-12-02 01:30:43
pacquiao 1924 2022-12-02 01:30:58
pacquiao 1878 2022-12-02 01:31:13
robato 0 2022-12-02 01:40:33
pacquiao 964 2022-12-02 01:41:16
canelo 1390 2022-12-02 01:41:37
mosley 0 2022-12-02 01:42:04
mosley 1000 2022-12-02 01:42:22
mosley -898 2022-12-02 01:42:40
testtest 0 2022-12-02 01:44:25
test6 0 2022-12-02 01:47:52
canelo 43 2022-12-02 01:56:44
pacquiao 53 2022-12-02 01:56:58
pacquiao 228 2022-12-02 01:57:12
pacquiao 1162 2022-12-02 02:07:10
USERS
canelo 42scb7b112aa90c6de41cf18b04995a5777d0acdfc38
ccs 42scb7b112aa68f82dbb0bfbf60c9db37cd53dbfea12
jelena 42scb7b112aa98218c4a9a8d29cd6b51610aabde10f9
john 42scb7b112aada847b51846d4c94f18ae6a934eb7b1d
kate 42scb7b112aadeac98ae1cfda55521005afd026bf8e1
mayweather 42scb7b112aa47573a3132eae364c79d0d61b7b180f1
mosley 42scb7b112aa141b2099ff40e156b4195ce627cf9f44
pacquiao 42scb7b112aa5f6dbb19cad4e1732e0c2081064f2088
robato 42scb7b112aad6b8e4ba13d63f8e9dde0b291a58597c
sep 42scb7b112aa398aa28f70d42ef6b12754bd363af4e0
test 42scb7b112aac6990c595173e8c67493339f88df7888
test2 42scb7b112aa3bf66d7df6ad8fbf1a1430e19c870872
test6 42scb7b112aa673de87987e6bfbfaaa35f592245cf71
testtest 42scb7b112aa8d66e5b634f9a07ad1b22edf52f07ea8
usenix 42scb7b112aa03565057546b2ae62abece2c938101ac
END
BEGIN
TRANSFERS
jelena 100 2022-12-02 00:42:57
john 100 2022-12-02 00:42:57
kate 300 2022-12-02 00:42:57
test 0 2022-12-02 00:46:24
sep 0 2022-12-02 00:53:32
usenix 0 2022-12-02 00:54:35
ccs 0 2022-12-02 00:54:52
canelo 0 2022-12-02 01:03:41
test 10 2022-12-02 01:07:46
test -10 2022-12-02 01:08:21
sep 500 2022-12-02 01:09:55
usenix 1000 2022-12-02 01:10:09
ccs 200 2022-12-02 01:10:22
canelo 813 2022-12-02 01:19:10
canelo 1083 2022-12-02 01:19:25
mayweather 0 2022-12-02 01:19:58
mayweather 768 2022-12-02 01:20:19
test2 0 2022-12-02 01:25:21
canelo -970 2022-12-02 01:30:10
pacquiao 0 2022-12-02 01:30:43
pacquiao 1924 2022-12-02 01:30:58
pacquiao 1878 2022-12-02 01:31:13
robato 0 2022-12-02 01:40:33
pacquiao 964 2022-12-02 01:41:16
canelo 1390 2022-12-02 01:41:37
mosley 0 2022-12-02 01:42:04
mosley 1000 2022-12-02 01:42:22
mosley -898 2022-12-02 01:42:40
testtest 0 2022-12-02 01:44:25
test6 0 2022-12-02 01:47:52
canelo 43 2022-12-02 01:56:44
pacquiao 53 2022-12-02 01:56:58
pacquiao 228 2022-12-02 01:57:12
pacquiao 1162 2022-12-02 02:07:10
pacquiao 1294 2022-12-02 02:07:28
USERS
canelo 42scb7b112aa90c6de41cf18b04995a5777d0acdfc38
ccs 42scb7b112aa68f82dbb0bfbf60c9db37cd53dbfea12
jelena 42scb7b112aa98218c4a9a8d29cd6b51610aabde10f9
john 42scb7b112aada847b51846d4c94f18ae6a934eb7b1d
kate 42scb7b112aadeac98ae1cfda55521005afd026bf8e1
mayweather 42scb7b112aa47573a3132eae364c79d0d61b7b180f1
mosley 42scb7b112aa141b2099ff40e156b4195ce627cf9f44
pacquiao 42scb7b112aa5f6dbb19cad4e1732e0c2081064f2088
robato 42scb7b112aad6b8e4ba13d63f8e9dde0b291a58597c
sep 42scb7b112aa398aa28f70d42ef6b12754bd363af4e0
test 42scb7b112aac6990c595173e8c67493339f88df7888
test2 42scb7b112aa3bf66d7df6ad8fbf1a1430e19c870872
test6 42scb7b112aa673de87987e6bfbfaaa35f592245cf71
testtest 42scb7b112aa8d66e5b634f9a07ad1b22edf52f07ea8
usenix 42scb7b112aa03565057546b2ae62abece2c938101ac
END
BEGIN
TRANSFERS
jelena 100 2022-12-02 00:42:57
john 100 2022-12-02 00:42:57
kate 300 2022-12-02 00:42:57
test 0 2022-12-02 00:46:24
sep 0 2022-12-02 00:53:32
usenix 0 2022-12-02 00:54:35
ccs 0 2022-12-02 00:54:52
canelo 0 2022-12-02 01:03:41
test 10 2022-12-02 01:07:46
test -10 2022-12-02 01:08:21
sep 500 2022-12-02 01:09:55
usenix 1000 2022-12-02 01:10:09
ccs 200 2022-12-02 01:10:22
canelo 813 2022-12-02 01:19:10
canelo 1083 2022-12-02 01:19:25
mayweather 0 2022-12-02 01:19:58
mayweather 768 2022-12-02 01:20:19
test2 0 2022-12-02 01:25:21
canelo -970 2022-12-02 01:30:10
pacquiao 0 2022-12-02 01:30:43
pacquiao 1924 2022-12-02 01:30:58
pacquiao 1878 2022-12-02 01:31:13
robato 0 2022-12-02 01:40:33
pacquiao 964 2022-12-02 01:41:16
canelo 1390 2022-12-02 01:41:37
mosley 0 2022-12-02 01:42:04
mosley 1000 2022-12-02 01:42:22
mosley -898 2022-12-02 01:42:40
testtest 0 2022-12-02 01:44:25
test6 0 2022-12-02 01:47:52
canelo 43 2022-12-02 01:56:44
pacquiao 53 2022-12-02 01:56:58
pacquiao 228 2022-12-02 01:57:12
pacquiao 1162 2022-12-02 02:07:10
pacquiao 1294 2022-12-02 02:07:28
mayweather 602 2022-12-02 02:16:53
USERS
canelo 42scb7b112aa90c6de41cf18b04995a5777d0acdfc38
ccs 42scb7b112aa68f82dbb0bfbf60c9db37cd53dbfea12
jelena 42scb7b112aa98218c4a9a8d29cd6b51610aabde10f9
john 42scb7b112aada847b51846d4c94f18ae6a934eb7b1d
kate 42scb7b112aadeac98ae1cfda55521005afd026bf8e1
mayweather 42scb7b112aa47573a3132eae364c79d0d61b7b180f1
mosley 42scb7b112aa141b2099ff40e156b4195ce627cf9f44
pacquiao 42scb7b112aa5f6dbb19cad4e1732e0c2081064f2088
robato 42scb7b112aad6b8e4ba13d63f8e9dde0b291a58597c
sep 42scb7b112aa398aa28f70d42ef6b12754bd363af4e0
test 42scb7b112aac6990c595173e8c67493339f88df7888
test2 42scb7b112aa3bf66d7df6ad8fbf1a1430e19c870872
test6 42scb7b112aa673de87987e6bfbfaaa35f592245cf71
testtest 42scb7b112aa8d66e5b634f9a07ad1b22edf52f07ea8
usenix 42scb7b112aa03565057546b2ae62abece2c938101ac
END
BEGIN
TRANSFERS
jelena 100 2022-12-02 00:42:57
john 100 2022-12-02 00:42:57
kate 300 2022-12-02 00:42:57
test 0 2022-12-02 00:46:24
sep 0 2022-12-02 00:53:32
usenix 0 2022-12-02 00:54:35
ccs 0 2022-12-02 00:54:52
canelo 0 2022-12-02 01:03:41
test 10 2022-12-02 01:07:46
test -10 2022-12-02 01:08:21
sep 500 2022-12-02 01:09:55
usenix 1000 2022-12-02 01:10:09
ccs 200 2022-12-02 01:10:22
canelo 813 2022-12-02 01:19:10
canelo 1083 2022-12-02 01:19:25
mayweather 0 2022-12-02 01:19:58
mayweather 768 2022-12-02 01:20:19
test2 0 2022-12-02 01:25:21
canelo -970 2022-12-02 01:30:10
pacquiao 0 2022-12-02 01:30:43
pacquiao 1924 2022-12-02 01:30:58
pacquiao 1878 2022-12-02 01:31:13
robato 0 2022-12-02 01:40:33
pacquiao 964 2022-12-02 01:41:16
canelo 1390 2022-12-02 01:41:37
mosley 0 2022-12-02 01:42:04
mosley 1000 2022-12-02 01:42:22
mosley -898 2022-12-02 01:42:40
testtest 0 2022-12-02 01:44:25
test6 0 2022-12-02 01:47:52
canelo 43 2022-12-02 01:56:44
pacquiao 53 2022-12-02 01:56:58
pacquiao 228 2022-12-02 01:57:12
pacquiao 1162 2022-12-02 02:07:10
pacquiao 1294 2022-12-02 02:07:28
mayweather 602 2022-12-02 02:16:53
mosley 1834 2022-12-02 02:17:10
USERS
canelo 42scb7b112aa90c6de41cf18b04995a5777d0acdfc38
ccs 42scb7b112aa68f82dbb0bfbf60c9db37cd53dbfea12
jelena 42scb7b112aa98218c4a9a8d29cd6b51610aabde10f9
john 42scb7b112aada847b51846d4c94f18ae6a934eb7b1d
kate 42scb7b112aadeac98ae1cfda55521005afd026bf8e1
mayweather 42scb7b112aa47573a3132eae364c79d0d61b7b180f1
mosley 42scb7b112aa141b2099ff40e156b4195ce627cf9f44
pacquiao 42scb7b112aa5f6dbb19cad4e1732e0c2081064f2088
robato 42scb7b112aad6b8e4ba13d63f8e9dde0b291a58597c
sep 42scb7b112aa398aa28f70d42ef6b12754bd363af4e0
test 42scb7b112aac6990c595173e8c67493339f88df7888
test2 42scb7b112aa3bf66d7df6ad8fbf1a1430e19c870872
test6 42scb7b112aa673de87987e6bfbfaaa35f592245cf71
testtest 42scb7b112aa8d66e5b634f9a07ad1b22edf52f07ea8
usenix 42scb7b112aa03565057546b2ae62abece2c938101ac
END
BEGIN
TRANSFERS
jelena 100 2022-12-02 00:42:57
john 100 2022-12-02 00:42:57
kate 300 2022-12-02 00:42:57
test 0 2022-12-02 00:46:24
sep 0 2022-12-02 00:53:32
usenix 0 2022-12-02 00:54:35
ccs 0 2022-12-02 00:54:52
canelo 0 2022-12-02 01:03:41
test 10 2022-12-02 01:07:46
test -10 2022-12-02 01:08:21
sep 500 2022-12-02 01:09:55
usenix 1000 2022-12-02 01:10:09
ccs 200 2022-12-02 01:10:22
canelo 813 2022-12-02 01:19:10
canelo 1083 2022-12-02 01:19:25
mayweather 0 2022-12-02 01:19:58
mayweather 768 2022-12-02 01:20:19
test2 0 2022-12-02 01:25:21
canelo -970 2022-12-02 01:30:10
pacquiao 0 2022-12-02 01:30:43
pacquiao 1924 2022-12-02 01:30:58
pacquiao 1878 2022-12-02 01:31:13
robato 0 2022-12-02 01:40:33
pacquiao 964 2022-12-02 01:41:16
canelo 1390 2022-12-02 01:41:37
mosley 0 2022-12-02 01:42:04
mosley 1000 2022-12-02 01:42:22
mosley -898 2022-12-02 01:42:40
testtest 0 2022-12-02 01:44:25
test6 0 2022-12-02 01:47:52
canelo 43 2022-12-02 01:56:44
pacquiao 53 2022-12-02 01:56:58
pacquiao 228 2022-12-02 01:57:12
pacquiao 1162 2022-12-02 02:07:10
pacquiao 1294 2022-12-02 02:07:28
mayweather 602 2022-12-02 02:16:53
mosley 1834 2022-12-02 02:17:10
mayweather -16 2022-12-02 02:17:26
USERS
canelo 42scb7b112aa90c6de41cf18b04995a5777d0acdfc38
ccs 42scb7b112aa68f82dbb0bfbf60c9db37cd53dbfea12
jelena 42scb7b112aa98218c4a9a8d29cd6b51610aabde10f9
john 42scb7b112aada847b51846d4c94f18ae6a934eb7b1d
kate 42scb7b112aadeac98ae1cfda55521005afd026bf8e1
mayweather 42scb7b112aa47573a3132eae364c79d0d61b7b180f1
mosley 42scb7b112aa141b2099ff40e156b4195ce627cf9f44
pacquiao 42scb7b112aa5f6dbb19cad4e1732e0c2081064f2088
robato 42scb7b112aad6b8e4ba13d63f8e9dde0b291a58597c
sep 42scb7b112aa398aa28f70d42ef6b12754bd363af4e0
test 42scb7b112aac6990c595173e8c67493339f88df7888
test2 42scb7b112aa3bf66d7df6ad8fbf1a1430e19c870872
test6 42scb7b112aa673de87987e6bfbfaaa35f592245cf71
testtest 42scb7b112aa8d66e5b634f9a07ad1b22edf52f07ea8
usenix 42scb7b112aa03565057546b2ae62abece2c938101ac
END
BEGIN
TRANSFERS
jelena 100 2022-12-02 00:42:57
john 100 2022-12-02 00:42:57
kate 300 2022-12-02 00:42:57
test 0 2022-12-02 00:46:24
sep 0 2022-12-02 00:53:32
usenix 0 2022-12-02 00:54:35
ccs 0 2022-12-02 00:54:52
canelo 0 2022-12-02 01:03:41
test 10 2022-12-02 01:07:46
test -10 2022-12-02 01:08:21
sep 500 2022-12-02 01:09:55
usenix 1000 2022-12-02 01:10:09
ccs 200 2022-12-02 01:10:22
canelo 813 2022-12-02 01:19:10
canelo 1083 2022-12-02 01:19:25
mayweather 0 2022-12-02 01:19:58
mayweather 768 2022-12-02 01:20:19
test2 0 2022-12-02 01:25:21
canelo -970 2022-12-02 01:30:10
pacquiao 0 2022-12-02 01:30:43
pacquiao 1924 2022-12-02 01:30:58
pacquiao 1878 2022-12-02 01:31:13
robato 0 2022-12-02 01:40:33
pacquiao 964 2022-12-02 01:41:16
canelo 1390 2022-12-02 01:41:37
mosley 0 2022-12-02 01:42:04
mosley 1000 2022-12-02 01:42:22
mosley -898 2022-12-02 01:42:40
testtest 0 2022-12-02 01:44:25
test6 0 2022-12-02 01:47:52
canelo 43 2022-12-02 01:56:44
pacquiao 53 2022-12-02 01:56:58
pacquiao 228 2022-12-02 01:57:12
pacquiao 1162 2022-12-02 02:07:10
pacquiao 1294 2022-12-02 02:07:28
mayweather 602 2022-12-02 02:16:53
mosley 1834 2022-12-02 02:17:10
mayweather -16 2022-12-02 02:17:26
test6 100 2022-12-02 02:20:23
USERS
canelo 42scb7b112aa90c6de41cf18b04995a5777d0acdfc38
ccs 42scb7b112aa68f82dbb0bfbf60c9db37cd53dbfea12
jelena 42scb7b112aa98218c4a9a8d29cd6b51610aabde10f9
john 42scb7b112aada847b51846d4c94f18ae6a934eb7b1d
kate 42scb7b112aadeac98ae1cfda55521005afd026bf8e1
mayweather 42scb7b112aa47573a3132eae364c79d0d61b7b180f1
mosley 42scb7b112aa141b2099ff40e156b4195ce627cf9f44
pacquiao 42scb7b112aa5f6dbb19cad4e1732e0c2081064f2088
robato 42scb7b112aad6b8e4ba13d63f8e9dde0b291a58597c
sep 42scb7b112aa398aa28f70d42ef6b12754bd363af4e0
test 42scb7b112aac6990c595173e8c67493339f88df7888
test2 42scb7b112aa3bf66d7df6ad8fbf1a1430e19c870872
test6 42scb7b112aa673de87987e6bfbfaaa35f592245cf71
testtest 42scb7b112aa8d66e5b634f9a07ad1b22edf52f07ea8
usenix 42scb7b112aa03565057546b2ae62abece2c938101ac
END
BEGIN
TRANSFERS
jelena 100 2022-12-02 00:42:57
john 100 2022-12-02 00:42:57
kate 300 2022-12-02 00:42:57
test 0 2022-12-02 00:46:24
sep 0 2022-12-02 00:53:32
usenix 0 2022-12-02 00:54:35
ccs 0 2022-12-02 00:54:52
canelo 0 2022-12-02 01:03:41
test 10 2022-12-02 01:07:46
test -10 2022-12-02 01:08:21
sep 500 2022-12-02 01:09:55
usenix 1000 2022-12-02 01:10:09
ccs 200 2022-12-02 01:10:22
canelo 813 2022-12-02 01:19:10
canelo 1083 2022-12-02 01:19:25
mayweather 0 2022-12-02 01:19:58
mayweather 768 2022-12-02 01:20:19
test2 0 2022-12-02 01:25:21
canelo -970 2022-12-02 01:30:10
pacquiao 0 2022-12-02 01:30:43
pacquiao 1924 2022-12-02 01:30:58
pacquiao 1878 2022-12-02 01:31:13
robato 0 2022-12-02 01:40:33
pacquiao 964 2022-12-02 01:41:16
canelo 1390 2022-12-02 01:41:37
mosley 0 2022-12-02 01:42:04
mosley 1000 2022-12-02 01:42:22
mosley -898 2022-12-02 01:42:40
testtest 0 2022-12-02 01:44:25
test6 0 2022-12-02 01:47:52
canelo 43 2022-12-02 01:56:44
pacquiao 53 2022-12-02 01:56:58
pacquiao 228 2022-12-02 01:57:12
pacquiao 1162 2022-12-02 02:07:10
pacquiao 1294 2022-12-02 02:07:28
mayweather 602 2022-12-02 02:16:53
mosley 1834 2022-12-02 02:17:10
mayweather -16 2022-12-02 02:17:26
test6 100 2022-12-02 02:20:23
mayweather 1576 2022-12-02 02:30:05
USERS
canelo 42scb7b112aa90c6de41cf18b04995a5777d0acdfc38
ccs 42scb7b112aa68f82dbb0bfbf60c9db37cd53dbfea12
jelena 42scb7b112aa98218c4a9a8d29cd6b51610aabde10f9
john 42scb7b112aada847b51846d4c94f18ae6a934eb7b1d
kate 42scb7b112aadeac98ae1cfda55521005afd026bf8e1
mayweather 42scb7b112aa47573a3132eae364c79d0d61b7b180f1
mosley 42scb7b112aa141b2099ff40e156b4195ce627cf9f44
pacquiao 42scb7b112aa5f6dbb19cad4e1732e0c2081064f2088
robato 42scb7b112aad6b8e4ba13d63f8e9dde0b291a58597c
sep 42scb7b112aa398aa28f70d42ef6b12754bd363af4e0
test 42scb7b112aac6990c595173e8c67493339f88df7888
test2 42scb7b112aa3bf66d7df6ad8fbf1a1430e19c870872
test6 42scb7b112aa673de87987e6bfbfaaa35f592245cf71
testtest 42scb7b112aa8d66e5b634f9a07ad1b22edf52f07ea8
usenix 42scb7b112aa03565057546b2ae62abece2c938101ac
END
BEGIN
TRANSFERS
jelena 100 2022-12-02 00:42:57
john 100 2022-12-02 00:42:57
kate 300 2022-12-02 00:42:57
test 0 2022-12-02 00:46:24
sep 0 2022-12-02 00:53:32
usenix 0 2022-12-02 00:54:35
ccs 0 2022-12-02 00:54:52
canelo 0 2022-12-02 01:03:41
test 10 2022-12-02 01:07:46
test -10 2022-12-02 01:08:21
sep 500 2022-12-02 01:09:55
usenix 1000 2022-12-02 01:10:09
ccs 200 2022-12-02 01:10:22
canelo 813 2022-12-02 01:19:10
canelo 1083 2022-12-02 01:19:25
mayweather 0 2022-12-02 01:19:58
mayweather 768 2022-12-02 01:20:19
test2 0 2022-12-02 01:25:21
canelo -970 2022-12-02 01:30:10
pacquiao 0 2022-12-02 01:30:43
pacquiao 1924 2022-12-02 01:30:58
pacquiao 1878 2022-12-02 01:31:13
robato 0 2022-12-02 01:40:33
pacquiao 964 2022-12-02 01:41:16
canelo 1390 2022-12-02 01:41:37
mosley 0 2022-12-02 01:42:04
mosley 1000 2022-12-02 01:42:22
mosley -898 2022-12-02 01:42:40
testtest 0 2022-12-02 01:44:25
test6 0 2022-12-02 01:47:52
canelo 43 2022-12-02 01:56:44
pacquiao 53 2022-12-02 01:56:58
pacquiao 228 2022-12-02 01:57:12
pacquiao 1162 2022-12-02 02:07:10
pacquiao 1294 2022-12-02 02:07:28
mayweather 602 2022-12-02 02:16:53
mosley 1834 2022-12-02 02:17:10
mayweather -16 2022-12-02 02:17:26
test6 100 2022-12-02 02:20:23
mayweather 1576 2022-12-02 02:30:05
mosley -302 2022-12-02 02:30:22
USERS
canelo 42scb7b112aa90c6de41cf18b04995a5777d0acdfc38
ccs 42scb7b112aa68f82dbb0bfbf60c9db37cd53dbfea12
jelena 42scb7b112aa98218c4a9a8d29cd6b51610aabde10f9
john 42scb7b112aada847b51846d4c94f18ae6a934eb7b1d
kate 42scb7b112aadeac98ae1cfda55521005afd026bf8e1
mayweather 42scb7b112aa47573a3132eae364c79d0d61b7b180f1
mosley 42scb7b112aa141b2099ff40e156b4195ce627cf9f44
pacquiao 42scb7b112aa5f6dbb19cad4e1732e0c2081064f2088
robato 42scb7b112aad6b8e4ba13d63f8e9dde0b291a58597c
sep 42scb7b112aa398aa28f70d42ef6b12754bd363af4e0
test 42scb7b112aac6990c595173e8c67493339f88df7888
test2 42scb7b112aa3bf66d7df6ad8fbf1a1430e19c870872
test6 42scb7b112aa673de87987e6bfbfaaa35f592245cf71
testtest 42scb7b112aa8d66e5b634f9a07ad1b22edf52f07ea8
usenix 42scb7b112aa03565057546b2ae62abece2c938101ac
END
BEGIN
TRANSFERS
jelena 100 2022-12-02 00:42:57
john 100 2022-12-02 00:42:57
kate 300 2022-12-02 00:42:57
test 0 2022-12-02 00:46:24
sep 0 2022-12-02 00:53:32
usenix 0 2022-12-02 00:54:35
ccs 0 2022-12-02 00:54:52
canelo 0 2022-12-02 01:03:41
test 10 2022-12-02 01:07:46
test -10 2022-12-02 01:08:21
sep 500 2022-12-02 01:09:55
usenix 1000 2022-12-02 01:10:09
ccs 200 2022-12-02 01:10:22
canelo 813 2022-12-02 01:19:10
canelo 1083 2022-12-02 01:19:25
mayweather 0 2022-12-02 01:19:58
mayweather 768 2022-12-02 01:20:19
test2 0 2022-12-02 01:25:21
canelo -970 2022-12-02 01:30:10
pacquiao 0 2022-12-02 01:30:43
pacquiao 1924 2022-12-02 01:30:58
pacquiao 1878 2022-12-02 01:31:13
robato 0 2022-12-02 01:40:33
pacquiao 964 2022-12-02 01:41:16
canelo 1390 2022-12-02 01:41:37
mosley 0 2022-12-02 01:42:04
mosley 1000 2022-12-02 01:42:22
mosley -898 2022-12-02 01:42:40
testtest 0 2022-12-02 01:44:25
test6 0 2022-12-02 01:47:52
canelo 43 2022-12-02 01:56:44
pacquiao 53 2022-12-02 01:56:58
pacquiao 228 2022-12-02 01:57:12
pacquiao 1162 2022-12-02 02:07:10
pacquiao 1294 2022-12-02 02:07:28
mayweather 602 2022-12-02 02:16:53
mosley 1834 2022-12-02 02:17:10
mayweather -16 2022-12-02 02:17:26
test6 100 2022-12-02 02:20:23
mayweather 1576 2022-12-02 02:30:05
mosley -302 2022-12-02 02:30:22
pacquiao 704 2022-12-02 02:30:40
USERS
canelo 42scb7b112aa90c6de41cf18b04995a5777d0acdfc38
ccs 42scb7b112aa68f82dbb0bfbf60c9db37cd53dbfea12
jelena 42scb7b112aa98218c4a9a8d29cd6b51610aabde10f9
john 42scb7b112aada847b51846d4c94f18ae6a934eb7b1d
kate 42scb7b112aadeac98ae1cfda55521005afd026bf8e1
mayweather 42scb7b112aa47573a3132eae364c79d0d61b7b180f1
mosley 42scb7b112aa141b2099ff40e156b4195ce627cf9f44
pacquiao 42scb7b112aa5f6dbb19cad4e1732e0c2081064f2088
robato 42scb7b112aad6b8e4ba13d63f8e9dde0b291a58597c
sep 42scb7b112aa398aa28f70d42ef6b12754bd363af4e0
test 42scb7b112aac6990c595173e8c67493339f88df7888
test2 42scb7b112aa3bf66d7df6ad8fbf1a1430e19c870872
test6 42scb7b112aa673de87987e6bfbfaaa35f592245cf71
testtest 42scb7b112aa8d66e5b634f9a07ad1b22edf52f07ea8
usenix 42scb7b112aa03565057546b2ae62abece2c938101ac
END
BEGIN
TRANSFERS
jelena 100 2022-12-02 00:42:57
john 100 2022-12-02 00:42:57
kate 300 2022-12-02 00:42:57
test 0 2022-12-02 00:46:24
sep 0 2022-12-02 00:53:32
usenix 0 2022-12-02 00:54:35
ccs 0 2022-12-02 00:54:52
canelo 0 2022-12-02 01:03:41
test 10 2022-12-02 01:07:46
test -10 2022-12-02 01:08:21
sep 500 2022-12-02 01:09:55
usenix 1000 2022-12-02 01:10:09
ccs 200 2022-12-02 01:10:22
canelo 813 2022-12-02 01:19:10
canelo 1083 2022-12-02 01:19:25
mayweather 0 2022-12-02 01:19:58
mayweather 768 2022-12-02 01:20:19
test2 0 2022-12-02 01:25:21
canelo -970 2022-12-02 01:30:10
pacquiao 0 2022-12-02 01:30:43
pacquiao 1924 2022-12-02 01:30:58
pacquiao 1878 2022-12-02 01:31:13
robato 0 2022-12-02 01:40:33
pacquiao 964 2022-12-02 01:41:16
canelo 1390 2022-12-02 01:41:37
mosley 0 2022-12-02 01:42:04
mosley 1000 2022-12-02 01:42:22
mosley -898 2022-12-02 01:42:40
testtest 0 2022-12-02 01:44:25
test6 0 2022-12-02 01:47:52
canelo 43 2022-12-02 01:56:44
pacquiao 53 2022-12-02 01:56:58
pacquiao 228 2022-12-02 01:57:12
pacquiao 1162 2022-12-02 02:07:10
pacquiao 1294 2022-12-02 02:07:28
mayweather 602 2022-12-02 02:16:53
mosley 1834 2022-12-02 02:17:10
mayweather -16 2022-12-02 02:17:26
test6 100 2022-12-02 02:20:23
mayweather 1576 2022-12-02 02:30:05
mosley -302 2022-12-02 02:30:22
pacquiao 704 2022-12-02 02:30:40
mayweather -75 2022-12-02 02:42:44
USERS
canelo 42scb7b112aa90c6de41cf18b04995a5777d0acdfc38
ccs 42scb7b112aa68f82dbb0bfbf60c9db37cd53dbfea12
jelena 42scb7b112aa98218c4a9a8d29cd6b51610aabde10f9
john 42scb7b112aada847b51846d4c94f18ae6a934eb7b1d
kate 42scb7b112aadeac98ae1cfda55521005afd026bf8e1
mayweather 42scb7b112aa47573a3132eae364c79d0d61b7b180f1
mosley 42scb7b112aa141b2099ff40e156b4195ce627cf9f44
pacquiao 42scb7b112aa5f6dbb19cad4e1732e0c2081064f2088
robato 42scb7b112aad6b8e4ba13d63f8e9dde0b291a58597c
sep 42scb7b112aa398aa28f70d42ef6b12754bd363af4e0
test 42scb7b112aac6990c595173e8c67493339f88df7888
test2 42scb7b112aa3bf66d7df6ad8fbf1a1430e19c870872
test6 42scb7b112aa673de87987e6bfbfaaa35f592245cf71
testtest 42scb7b112aa8d66e5b634f9a07ad1b22edf52f07ea8
usenix 42scb7b112aa03565057546b2ae62abece2c938101ac
END
BEGIN
TRANSFERS
jelena 100 2022-12-02 00:42:57
john 100 2022-12-02 00:42:57
kate 300 2022-12-02 00:42:57
test 0 2022-12-02 00:46:24
sep 0 2022-12-02 00:53:32
usenix 0 2022-12-02 00:54:35
ccs 0 2022-12-02 00:54:52
canelo 0 2022-12-02 01:03:41
test 10 2022-12-02 01:07:46
test -10 2022-12-02 01:08:21
sep 500 2022-12-02 01:09:55
usenix 1000 2022-12-02 01:10:09
ccs 200 2022-12-02 01:10:22
canelo 813 2022-12-02 01:19:10
canelo 1083 2022-12-02 01:19:25
mayweather 0 2022-12-02 01:19:58
mayweather 768 2022-12-02 01:20:19
test2 0 2022-12-02 01:25:21
canelo -970 2022-12-02 01:30:10
pacquiao 0 2022-12-02 01:30:43
pacquiao 1924 2022-12-02 01:30:58
pacquiao 1878 2022-12-02 01:31:13
robato 0 2022-12-02 01:40:33
pacquiao 964 2022-12-02 01:41:16
canelo 1390 2022-12-02 01:41:37
mosley 0 2022-12-02 01:42:04
mosley 1000 2022-12-02 01:42:22
mosley -898 2022-12-02 01:42:40
testtest 0 2022-12-02 01:44:25
test6 0 2022-12-02 01:47:52
canelo 43 2022-12-02 01:56:44
pacquiao 53 2022-12-02 01:56:58
pacquiao 228 2022-12-02 01:57:12
pacquiao 1162 2022-12-02 02:07:10
pacquiao 1294 2022-12-02 02:07:28
mayweather 602 2022-12-02 02:16:53
mosley 1834 2022-12-02 02:17:10
mayweather -16 2022-12-02 02:17:26
test6 100 2022-12-02 02:20:23
mayweather 1576 2022-12-02 02:30:05
mosley -302 2022-12-02 02:30:22
pacquiao 704 2022-12-02 02:30:40
mayweather -75 2022-12-02 02:42:44
canelo -698 2022-12-02 02:43:00
USERS
canelo 42scb7b112aa90c6de41cf18b04995a5777d0acdfc38
ccs 42scb7b112aa68f82dbb0bfbf60c9db37cd53dbfea12
jelena 42scb7b112aa98218c4a9a8d29cd6b51610aabde10f9
john 42scb7b112aada847b51846d4c94f18ae6a934eb7b1d
kate 42scb7b112aadeac98ae1cfda55521005afd026bf8e1
mayweather 42scb7b112aa47573a3132eae364c79d0d61b7b180f1
mosley 42scb7b112aa141b2099ff40e156b4195ce627cf9f44
pacquiao 42scb7b112aa5f6dbb19cad4e1732e0c2081064f2088
robato 42scb7b112aad6b8e4ba13d63f8e9dde0b291a58597c
sep 42scb7b112aa398aa28f70d42ef6b12754bd363af4e0
test 42scb7b112aac6990c595173e8c67493339f88df7888
test2 42scb7b112aa3bf66d7df6ad8fbf1a1430e19c870872
test6 42scb7b112aa673de87987e6bfbfaaa35f592245cf71
testtest 42scb7b112aa8d66e5b634f9a07ad1b22edf52f07ea8
usenix 42scb7b112aa03565057546b2ae62abece2c938101ac
END
BEGIN
TRANSFERS
jelena 100 2022-12-02 00:42:57
john 100 2022-12-02 00:42:57
kate 300 2022-12-02 00:42:57
test 0 2022-12-02 00:46:24
sep 0 2022-12-02 00:53:32
usenix 0 2022-12-02 00:54:35
ccs 0 2022-12-02 00:54:52
canelo 0 2022-12-02 01:03:41
test 10 2022-12-02 01:07:46
test -10 2022-12-02 01:08:21
sep 500 2022-12-02 01:09:55
usenix 1000 2022-12-02 01:10:09
ccs 200 2022-12-02 01:10:22
canelo 813 2022-12-02 01:19:10
canelo 1083 2022-12-02 01:19:25
mayweather 0 2022-12-02 01:19:58
mayweather 768 2022-12-02 01:20:19
test2 0 2022-12-02 01:25:21
canelo -970 2022-12-02 01:30:10
pacquiao 0 2022-12-02 01:30:43
pacquiao 1924 2022-12-02 01:30:58
pacquiao 1878 2022-12-02 01:31:13
robato 0 2022-12-02 01:40:33
pacquiao 964 2022-12-02 01:41:16
canelo 1390 2022-12-02 01:41:37
mosley 0 2022-12-02 01:42:04
mosley 1000 2022-12-02 01:42:22
mosley -898 2022-12-02 01:42:40
testtest 0 2022-12-02 01:44:25
test6 0 2022-12-02 01:47:52
canelo 43 2022-12-02 01:56:44
pacquiao 53 2022-12-02 01:56:58
pacquiao 228 2022-12-02 01:57:12
pacquiao 1162 2022-12-02 02:07:10
pacquiao 1294 2022-12-02 02:07:28
mayweather 602 2022-12-02 02:16:53
mosley 1834 2022-12-02 02:17:10
mayweather -16 2022-12-02 02:17:26
test6 100 2022-12-02 02:20:23
mayweather 1576 2022-12-02 02:30:05
mosley -302 2022-12-02 02:30:22
pacquiao 704 2022-12-02 02:30:40
mayweather -75 2022-12-02 02:42:44
canelo -698 2022-12-02 02:43:00
mayweather -753 2022-12-02 02:43:18
USERS
canelo 42scb7b112aa90c6de41cf18b04995a5777d0acdfc38
ccs 42scb7b112aa68f82dbb0bfbf60c9db37cd53dbfea12
jelena 42scb7b112aa98218c4a9a8d29cd6b51610aabde10f9
john 42scb7b112aada847b51846d4c94f18ae6a934eb7b1d
kate 42scb7b112aadeac98ae1cfda55521005afd026bf8e1
mayweather 42scb7b112aa47573a3132eae364c79d0d61b7b180f1
mosley 42scb7b112aa141b2099ff40e156b4195ce627cf9f44
pacquiao 42scb7b112aa5f6dbb19cad4e1732e0c2081064f2088
robato 42scb7b112aad6b8e4ba13d63f8e9dde0b291a58597c
sep 42scb7b112aa398aa28f70d42ef6b12754bd363af4e0
test 42scb7b112aac6990c595173e8c67493339f88df7888
test2 42scb7b112aa3bf66d7df6ad8fbf1a1430e19c870872
test6 42scb7b112aa673de87987e6bfbfaaa35f592245cf71
testtest 42scb7b112aa8d66e5b634f9a07ad1b22edf52f07ea8
usenix 42scb7b112aa03565057546b2ae62abece2c938101ac
END
BEGIN
TRANSFERS
jelena 100 2022-12-02 00:42:57
john 100 2022-12-02 00:42:57
kate 300 2022-12-02 00:42:57
test 0 2022-12-02 00:46:24
sep 0 2022-12-02 00:53:32
usenix 0 2022-12-02 00:54:35
ccs 0 2022-12-02 00:54:52
canelo 0 2022-12-02 01:03:41
test 10 2022-12-02 01:07:46
test -10 2022-12-02 01:08:21
sep 500 2022-12-02 01:09:55
usenix 1000 2022-12-02 01:10:09
ccs 200 2022-12-02 01:10:22
canelo 813 2022-12-02 01:19:10
canelo 1083 2022-12-02 01:19:25
mayweather 0 2022-12-02 01:19:58
mayweather 768 2022-12-02 01:20:19
test2 0 2022-12-02 01:25:21
canelo -970 2022-12-02 01:30:10
pacquiao 0 2022-12-02 01:30:43
pacquiao 1924 2022-12-02 01:30:58
pacquiao 1878 2022-12-02 01:31:13
robato 0 2022-12-02 01:40:33
pacquiao 964 2022-12-02 01:41:16
canelo 1390 2022-12-02 01:41:37
mosley 0 2022-12-02 01:42:04
mosley 1000 2022-12-02 01:42:22
mosley -898 2022-12-02 01:42:40
testtest 0 2022-12-02 01:44:25
test6 0 2022-12-02 01:47:52
canelo 43 2022-12-02 01:56:44
pacquiao 53 2022-12-02 01:56:58
pacquiao 228 2022-12-02 01:57:12
pacquiao 1162 2022-12-02 02:07:10
pacquiao 1294 2022-12-02 02:07:28
mayweather 602 2022-12-02 02:16:53
mosley 1834 2022-12-02 02:17:10
mayweather -16 2022-12-02 02:17:26
test6 100 2022-12-02 02:20:23
mayweather 1576 2022-12-02 02:30:05
mosley -302 2022-12-02 02:30:22
pacquiao 704 2022-12-02 02:30:40
mayweather -75 2022-12-02 02:42:44
canelo -698 2022-12-02 02:43:00
mayweather -753 2022-12-02 02:43:18
mosley -203 2022-12-02 02:57:04
USERS
canelo 42scb7b112aa90c6de41cf18b04995a5777d0acdfc38
ccs 42scb7b112aa68f82dbb0bfbf60c9db37cd53dbfea12
jelena 42scb7b112aa98218c4a9a8d29cd6b51610aabde10f9
john 42scb7b112aada847b51846d4c94f18ae6a934eb7b1d
kate 42scb7b112aadeac98ae1cfda55521005afd026bf8e1
mayweather 42scb7b112aa47573a3132eae364c79d0d61b7b180f1
mosley 42scb7b112aa141b2099ff40e156b4195ce627cf9f44
pacquiao 42scb7b112aa5f6dbb19cad4e1732e0c2081064f2088
robato 42scb7b112aad6b8e4ba13d63f8e9dde0b291a58597c
sep 42scb7b112aa398aa28f70d42ef6b12754bd363af4e0
test 42scb7b112aac6990c595173e8c67493339f88df7888
test2 42scb7b112aa3bf66d7df6ad8fbf1a1430e19c870872
test6 42scb7b112aa673de87987e6bfbfaaa35f592245cf71
testtest 42scb7b112aa8d66e5b634f9a07ad1b22edf52f07ea8
usenix 42scb7b112aa03565057546b2ae62abece2c938101ac
END
BEGIN
TRANSFERS
jelena 100 2022-12-02 00:42:57
john 100 2022-12-02 00:42:57
kate 300 2022-12-02 00:42:57
test 0 2022-12-02 00:46:24
sep 0 2022-12-02 00:53:32
usenix 0 2022-12-02 00:54:35
ccs 0 2022-12-02 00:54:52
canelo 0 2022-12-02 01:03:41
test 10 2022-12-02 01:07:46
test -10 2022-12-02 01:08:21
sep 500 2022-12-02 01:09:55
usenix 1000 2022-12-02 01:10:09
ccs 200 2022-12-02 01:10:22
canelo 813 2022-12-02 01:19:10
canelo 1083 2022-12-02 01:19:25
mayweather 0 2022-12-02 01:19:58
mayweather 768 2022-12-02 01:20:19
test2 0 2022-12-02 01:25:21
canelo -970 2022-12-02 01:30:10
pacquiao 0 2022-12-02 01:30:43
pacquiao 1924 2022-12-02 01:30:58
pacquiao 1878 2022-12-02 01:31:13
robato 0 2022-12-02 01:40:33
pacquiao 964 2022-12-02 01:41:16
canelo 1390 2022-12-02 01:41:37
mosley 0 2022-12-02 01:42:04
mosley 1000 2022-12-02 01:42:22
mosley -898 2022-12-02 01:42:40
testtest 0 2022-12-02 01:44:25
test6 0 2022-12-02 01:47:52
canelo 43 2022-12-02 01:56:44
pacquiao 53 2022-12-02 01:56:58
pacquiao 228 2022-12-02 01:57:12
pacquiao 1162 2022-12-02 02:07:10
pacquiao 1294 2022-12-02 02:07:28
mayweather 602 2022-12-02 02:16:53
mosley 1834 2022-12-02 02:17:10
mayweather -16 2022-12-02 02:17:26
test6 100 2022-12-02 02:20:23
mayweather 1576 2022-12-02 02:30:05
mosley -302 2022-12-02 02:30:22
pacquiao 704 2022-12-02 02:30:40
mayweather -75 2022-12-02 02:42:44
canelo -698 2022-12-02 02:43:00
mayweather -753 2022-12-02 02:43:18
mosley -203 2022-12-02 02:57:04
pacquiao -290 2022-12-02 02:57:22
USERS
canelo 42scb7b112aa90c6de41cf18b04995a5777d0acdfc38
ccs 42scb7b112aa68f82dbb0bfbf60c9db37cd53dbfea12
jelena 42scb7b112aa98218c4a9a8d29cd6b51610aabde10f9
john 42scb7b112aada847b51846d4c94f18ae6a934eb7b1d
kate 42scb7b112aadeac98ae1cfda55521005afd026bf8e1
mayweather 42scb7b112aa47573a3132eae364c79d0d61b7b180f1
mosley 42scb7b112aa141b2099ff40e156b4195ce627cf9f44
pacquiao 42scb7b112aa5f6dbb19cad4e1732e0c2081064f2088
robato 42scb7b112aad6b8e4ba13d63f8e9dde0b291a58597c
sep 42scb7b112aa398aa28f70d42ef6b12754bd363af4e0
test 42scb7b112aac6990c595173e8c67493339f88df7888
test2 42scb7b112aa3bf66d7df6ad8fbf1a1430e19c870872
test6 42scb7b112aa673de87987e6bfbfaaa35f592245cf71
testtest 42scb7b112aa8d66e5b634f9a07ad1b22edf52f07ea8
usenix 42scb7b112aa03565057546b2ae62abece2c938101ac
END
BEGIN
TRANSFERS
jelena 100 2022-12-02 00:42:57
john 100 2022-12-02 00:42:57
kate 300 2022-12-02 00:42:57
test 0 2022-12-02 00:46:24
sep 0 2022-12-02 00:53:32
usenix 0 2022-12-02 00:54:35
ccs 0 2022-12-02 00:54:52
canelo 0 2022-12-02 01:03:41
test 10 2022-12-02 01:07:46
test -10 2022-12-02 01:08:21
sep 500 2022-12-02 01:09:55
usenix 1000 2022-12-02 01:10:09
ccs 200 2022-12-02 01:10:22
canelo 813 2022-12-02 01:19:10
canelo 1083 2022-12-02 01:19:25
mayweather 0 2022-12-02 01:19:58
mayweather 768 2022-12-02 01:20:19
test2 0 2022-12-02 01:25:21
canelo -970 2022-12-02 01:30:10
pacquiao 0 2022-12-02 01:30:43
pacquiao 1924 2022-12-02 01:30:58
pacquiao 1878 2022-12-02 01:31:13
robato 0 2022-12-02 01:40:33
pacquiao 964 2022-12-02 01:41:16
canelo 1390 2022-12-02 01:41:37
mosley 0 2022-12-02 01:42:04
mosley 1000 2022-12-02 01:42:22
mosley -898 2022-12-02 01:42:40
testtest 0 2022-12-02 01:44:25
test6 0 2022-12-02 01:47:52
canelo 43 2022-12-02 01:56:44
pacquiao 53 2022-12-02 01:56:58
pacquiao 228 2022-12-02 01:57:12
pacquiao 1162 2022-12-02 02:07:10
pacquiao 1294 2022-12-02 02:07:28
mayweather 602 2022-12-02 02:16:53
mosley 1834 2022-12-02 02:17:10
mayweather -16 2022-12-02 02:17:26
test6 100 2022-12-02 02:20:23
mayweather 1576 2022-12-02 02:30:05
mosley -302 2022-12-02 02:30:22
pacquiao 704 2022-12-02 02:30:40
mayweather -75 2022-12-02 02:42:44
canelo -698 2022-12-02 02:43:00
mayweather -753 2022-12-02 02:43:18
mosley -203 2022-12-02 02:57:04
pacquiao -290 2022-12-02 02:57:22
mayweather -482 2022-12-02 02:57:40
USERS
canelo 42scb7b112aa90c6de41cf18b04995a5777d0acdfc38
ccs 42scb7b112aa68f82dbb0bfbf60c9db37cd53dbfea12
jelena 42scb7b112aa98218c4a9a8d29cd6b51610aabde10f9
john 42scb7b112aada847b51846d4c94f18ae6a934eb7b1d
kate 42scb7b112aadeac98ae1cfda55521005afd026bf8e1
mayweather 42scb7b112aa47573a3132eae364c79d0d61b7b180f1
mosley 42scb7b112aa141b2099ff40e156b4195ce627cf9f44
pacquiao 42scb7b112aa5f6dbb19cad4e1732e0c2081064f2088
robato 42scb7b112aad6b8e4ba13d63f8e9dde0b291a58597c
sep 42scb7b112aa398aa28f70d42ef6b12754bd363af4e0
test 42scb7b112aac6990c595173e8c67493339f88df7888
test2 42scb7b112aa3bf66d7df6ad8fbf1a1430e19c870872
test6 42scb7b112aa673de87987e6bfbfaaa35f592245cf71
testtest 42scb7b112aa8d66e5b634f9a07ad1b22edf52f07ea8
usenix 42scb7b112aa03565057546b2ae62abece2c938101ac
END
BEGIN
TRANSFERS
jelena 100 2022-12-02 00:42:57
john 100 2022-12-02 00:42:57
kate 300 2022-12-02 00:42:57
test 0 2022-12-02 00:46:24
sep 0 2022-12-02 00:53:32
usenix 0 2022-12-02 00:54:35
ccs 0 2022-12-02 00:54:52
canelo 0 2022-12-02 01:03:41
test 10 2022-12-02 01:07:46
test -10 2022-12-02 01:08:21
sep 500 2022-12-02 01:09:55
usenix 1000 2022-12-02 01:10:09
ccs 200 2022-12-02 01:10:22
canelo 813 2022-12-02 01:19:10
canelo 1083 2022-12-02 01:19:25
mayweather 0 2022-12-02 01:19:58
mayweather 768 2022-12-02 01:20:19
test2 0 2022-12-02 01:25:21
canelo -970 2022-12-02 01:30:10
pacquiao 0 2022-12-02 01:30:43
pacquiao 1924 2022-12-02 01:30:58
pacquiao 1878 2022-12-02 01:31:13
robato 0 2022-12-02 01:40:33
pacquiao 964 2022-12-02 01:41:16
canelo 1390 2022-12-02 01:41:37
mosley 0 2022-12-02 01:42:04
mosley 1000 2022-12-02 01:42:22
mosley -898 2022-12-02 01:42:40
testtest 0 2022-12-02 01:44:25
test6 0 2022-12-02 01:47:52
canelo 43 2022-12-02 01:56:44
pacquiao 53 2022-12-02 01:56:58
pacquiao 228 2022-12-02 01:57:12
pacquiao 1162 2022-12-02 02:07:10
pacquiao 1294 2022-12-02 02:07:28
mayweather 602 2022-12-02 02:16:53
mosley 1834 2022-12-02 02:17:10
mayweather -16 2022-12-02 02:17:26
test6 100 2022-12-02 02:20:23
mayweather 1576 2022-12-02 02:30:05
mosley -302 2022-12-02 02:30:22
pacquiao 704 2022-12-02 02:30:40
mayweather -75 2022-12-02 02:42:44
canelo -698 2022-12-02 02:43:00
mayweather -753 2022-12-02 02:43:18
mosley -203 2022-12-02 02:57:04
pacquiao -290 2022-12-02 02:57:22
mayweather -482 2022-12-02 02:57:40
mayweather 1471 2022-12-02 03:08:34
USERS
canelo 42scb7b112aa90c6de41cf18b04995a5777d0acdfc38
ccs 42scb7b112aa68f82dbb0bfbf60c9db37cd53dbfea12
jelena 42scb7b112aa98218c4a9a8d29cd6b51610aabde10f9
john 42scb7b112aada847b51846d4c94f18ae6a934eb7b1d
kate 42scb7b112aadeac98ae1cfda55521005afd026bf8e1
mayweather 42scb7b112aa47573a3132eae364c79d0d61b7b180f1
mosley 42scb7b112aa141b2099ff40e156b4195ce627cf9f44
pacquiao 42scb7b112aa5f6dbb19cad4e1732e0c2081064f2088
robato 42scb7b112aad6b8e4ba13d63f8e9dde0b291a58597c
sep 42scb7b112aa398aa28f70d42ef6b12754bd363af4e0
test 42scb7b112aac6990c595173e8c67493339f88df7888
test2 42scb7b112aa3bf66d7df6ad8fbf1a1430e19c870872
test6 42scb7b112aa673de87987e6bfbfaaa35f592245cf71
testtest 42scb7b112aa8d66e5b634f9a07ad1b22edf52f07ea8
usenix 42scb7b112aa03565057546b2ae62abece2c938101ac
END
BEGIN
TRANSFERS
jelena 100 2022-12-02 00:42:57
john 100 2022-12-02 00:42:57
kate 300 2022-12-02 00:42:57
test 0 2022-12-02 00:46:24
sep 0 2022-12-02 00:53:32
usenix 0 2022-12-02 00:54:35
ccs 0 2022-12-02 00:54:52
canelo 0 2022-12-02 01:03:41
test 10 2022-12-02 01:07:46
test -10 2022-12-02 01:08:21
sep 500 2022-12-02 01:09:55
usenix 1000 2022-12-02 01:10:09
ccs 200 2022-12-02 01:10:22
canelo 813 2022-12-02 01:19:10
canelo 1083 2022-12-02 01:19:25
mayweather 0 2022-12-02 01:19:58
mayweather 768 2022-12-02 01:20:19
test2 0 2022-12-02 01:25:21
canelo -970 2022-12-02 01:30:10
pacquiao 0 2022-12-02 01:30:43
pacquiao 1924 2022-12-02 01:30:58
pacquiao 1878 2022-12-02 01:31:13
robato 0 2022-12-02 01:40:33
pacquiao 964 2022-12-02 01:41:16
canelo 1390 2022-12-02 01:41:37
mosley 0 2022-12-02 01:42:04
mosley 1000 2022-12-02 01:42:22
mosley -898 2022-12-02 01:42:40
testtest 0 2022-12-02 01:44:25
test6 0 2022-12-02 01:47:52
canelo 43 2022-12-02 01:56:44
pacquiao 53 2022-12-02 01:56:58
pacquiao 228 2022-12-02 01:57:12
pacquiao 1162 2022-12-02 02:07:10
pacquiao 1294 2022-12-02 02:07:28
mayweather 602 2022-12-02 02:16:53
mosley 1834 2022-12-02 02:17:10
mayweather -16 2022-12-02 02:17:26
test6 100 2022-12-02 02:20:23
mayweather 1576 2022-12-02 02:30:05
mosley -302 2022-12-02 02:30:22
pacquiao 704 2022-12-02 02:30:40
mayweather -75 2022-12-02 02:42:44
canelo -698 2022-12-02 02:43:00
mayweather -753 2022-12-02 02:43:18
mosley -203 2022-12-02 02:57:04
pacquiao -290 2022-12-02 02:57:22
mayweather -482 2022-12-02 02:57:40
mayweather 1471 2022-12-02 03:08:34
pacquiao 1763 2022-12-02 03:08:54
USERS
canelo 42scb7b112aa90c6de41cf18b04995a5777d0acdfc38
ccs 42scb7b112aa68f82dbb0bfbf60c9db37cd53dbfea12
jelena 42scb7b112aa98218c4a9a8d29cd6b51610aabde10f9
john 42scb7b112aada847b51846d4c94f18ae6a934eb7b1d
kate 42scb7b112aadeac98ae1cfda55521005afd026bf8e1
mayweather 42scb7b112aa47573a3132eae364c79d0d61b7b180f1
mosley 42scb7b112aa141b2099ff40e156b4195ce627cf9f44
pacquiao 42scb7b112aa5f6dbb19cad4e1732e0c2081064f2088
robato 42scb7b112aad6b8e4ba13d63f8e9dde0b291a58597c
sep 42scb7b112aa398aa28f70d42ef6b12754bd363af4e0
test 42scb7b112aac6990c595173e8c67493339f88df7888
test2 42scb7b112aa3bf66d7df6ad8fbf1a1430e19c870872
test6 42scb7b112aa673de87987e6bfbfaaa35f592245cf71
testtest 42scb7b112aa8d66e5b634f9a07ad1b22edf52f07ea8
usenix 42scb7b112aa03565057546b2ae62abece2c938101ac
END
BEGIN
TRANSFERS
jelena 100 2022-12-02 00:42:57
john 100 2022-12-02 00:42:57
kate 300 2022-12-02 00:42:57
test 0 2022-12-02 00:46:24
sep 0 2022-12-02 00:53:32
usenix 0 2022-12-02 00:54:35
ccs 0 2022-12-02 00:54:52
canelo 0 2022-12-02 01:03:41
test 10 2022-12-02 01:07:46
test -10 2022-12-02 01:08:21
sep 500 2022-12-02 01:09:55
usenix 1000 2022-12-02 01:10:09
ccs 200 2022-12-02 01:10:22
canelo 813 2022-12-02 01:19:10
canelo 1083 2022-12-02 01:19:25
mayweather 0 2022-12-02 01:19:58
mayweather 768 2022-12-02 01:20:19
test2 0 2022-12-02 01:25:21
canelo -970 2022-12-02 01:30:10
pacquiao 0 2022-12-02 01:30:43
pacquiao 1924 2022-12-02 01:30:58
pacquiao 1878 2022-12-02 01:31:13
robato 0 2022-12-02 01:40:33
pacquiao 964 2022-12-02 01:41:16
canelo 1390 2022-12-02 01:41:37
mosley 0 2022-12-02 01:42:04
mosley 1000 2022-12-02 01:42:22
mosley -898 2022-12-02 01:42:40
testtest 0 2022-12-02 01:44:25
test6 0 2022-12-02 01:47:52
canelo 43 2022-12-02 01:56:44
pacquiao 53 2022-12-02 01:56:58
pacquiao 228 2022-12-02 01:57:12
pacquiao 1162 2022-12-02 02:07:10
pacquiao 1294 2022-12-02 02:07:28
mayweather 602 2022-12-02 02:16:53
mosley 1834 2022-12-02 02:17:10
mayweather -16 2022-12-02 02:17:26
test6 100 2022-12-02 02:20:23
mayweather 1576 2022-12-02 02:30:05
mosley -302 2022-12-02 02:30:22
pacquiao 704 2022-12-02 02:30:40
mayweather -75 2022-12-02 02:42:44
canelo -698 2022-12-02 02:43:00
mayweather -753 2022-12-02 02:43:18
mosley -203 2022-12-02 02:57:04
pacquiao -290 2022-12-02 02:57:22
mayweather -482 2022-12-02 02:57:40
mayweather 1471 2022-12-02 03:08:34
pacquiao 1763 2022-12-02 03:08:54
canelo 425 2022-12-02 03:09:11
USERS
canelo 42scb7b112aa90c6de41cf18b04995a5777d0acdfc38
ccs 42scb7b112aa68f82dbb0bfbf60c9db37cd53dbfea12
jelena 42scb7b112aa98218c4a9a8d29cd6b51610aabde10f9
john 42scb7b112aada847b51846d4c94f18ae6a934eb7b1d
kate 42scb7b112aadeac98ae1cfda55521005afd026bf8e1
mayweather 42scb7b112aa47573a3132eae364c79d0d61b7b180f1
mosley 42scb7b112aa141b2099ff40e156b4195ce627cf9f44
pacquiao 42scb7b112aa5f6dbb19cad4e1732e0c2081064f2088
robato 42scb7b112aad6b8e4ba13d63f8e9dde0b291a58597c
sep 42scb7b112aa398aa28f70d42ef6b12754bd363af4e0
test 42scb7b112aac6990c595173e8c67493339f88df7888
test2 42scb7b112aa3bf66d7df6ad8fbf1a1430e19c870872
test6 42scb7b112aa673de87987e6bfbfaaa35f592245cf71
testtest 42scb7b112aa8d66e5b634f9a07ad1b22edf52f07ea8
usenix 42scb7b112aa03565057546b2ae62abece2c938101ac
END
